2025-01-21 16:36:07,178 - INFO - ChIPMunk no longer found.
2025-01-21 16:36:07,179 - INFO - Using included version of ChIPMunk.
2025-01-21 16:36:07,193 - INFO - Configuration file: /home/yang-joon.kim/.config/gimmemotifs/gimmemotifs.cfg
which: no R in (/hpc/user_apps/data.science/conda_envs/celloracle_shared/bin:/hpc/apps/x86_64/anaconda/2021_09_16/bin:/hpc/apps/x86_64/anaconda/2021_09_16/condabin:/hpc/apps/anaconda/2021_09_16/bin:/home/yang-joon.kim/texlive/bin/x86_64-linux:/hpc/projects/data.science/yangjoon.kim/github_repos/mfinder/mfinder1.21:/home/yang-joon.kim/.cursor-server/cli/servers/Stable-fe574d0820377383143b2ea26aa6ae28b3425220/server/bin/remote-cli:/home/yang-joon.kim/.local/bin:/home/yang-joon.kim/bin:/hpc/slurm/installed/utils:/hpc/slurm/installed/current/bin:/usr/local/bin:/usr/bin:/usr/local/sbin:/usr/sbin:/opt/mellanox/doca/tools:/home/yang-joon.kim/.dotnet/tools:/hpc/mydata/yang-joon.kim/homer/bin)
2025-01-21 16:36:14,785 - DEBUG - Using multiprocessing
2025-01-21 16:36:14,786 - DEBUG - Parameters:
2025-01-21 16:36:14,786 - DEBUG -   fraction: 0.2
2025-01-21 16:36:14,786 - DEBUG -   use_strand: False
2025-01-21 16:36:14,786 - DEBUG -   abs_max: 1000
2025-01-21 16:36:14,786 - DEBUG -   analysis: xl
2025-01-21 16:36:14,786 - DEBUG -   enrichment: 1.5
2025-01-21 16:36:14,786 - DEBUG -   size: 200
2025-01-21 16:36:14,786 - DEBUG -   lsize: 500
2025-01-21 16:36:14,786 - DEBUG -   background: ['gc', 'random']
2025-01-21 16:36:14,786 - DEBUG -   cluster_threshold: 0.95
2025-01-21 16:36:14,786 - DEBUG -   scan_cutoff: 0.9
2025-01-21 16:36:14,786 - DEBUG -   available_tools: AMD,BioProspector,ChIPMunk,HMS,Homer,Improbizer,MDmodule,MotifSampler,Posmo
2025-01-21 16:36:14,786 - DEBUG -   tools: Homer,BioProspector,MEME
2025-01-21 16:36:14,786 - DEBUG -   pvalue: 0.001
2025-01-21 16:36:14,786 - DEBUG -   max_time: -1
2025-01-21 16:36:14,786 - DEBUG -   ncpus: 12
2025-01-21 16:36:14,786 - DEBUG -   motif_db: gimme.vertebrate.v5.0.pfm
2025-01-21 16:36:14,786 - DEBUG -   use_cache: False
2025-01-21 16:36:14,786 - DEBUG -   genome: danRer11
2025-01-21 16:36:14,786 - DEBUG - No time limit for motif prediction
2025-01-21 16:36:14,787 - INFO - starting full motif analysis
2025-01-21 16:36:14,787 - INFO - starting full motif analysis
2025-01-21 16:36:14,787 - DEBUG - Using temporary directory /tmp/gimmemotifs.1809900.pb2mnt03
2025-01-21 16:36:14,787 - INFO - using size of 200, set size to 0 to use original region size
2025-01-21 16:36:14,787 - INFO - using size of 200, set size to 0 to use original region size
2025-01-21 16:36:14,787 - INFO - preparing input from FASTA
2025-01-21 16:36:14,787 - INFO - preparing input from FASTA
2025-01-21 16:36:14,787 - INFO - preparing input (FASTA)
2025-01-21 16:36:14,787 - INFO - preparing input (FASTA)
2025-01-21 16:36:26,842 - DEBUG - Splitting /hpc/projects/data.science/yangjoon.kim/zebrahub_multiome/data/processed_data/12_peak_umap_motif_analysis/peaks_integrated.fasta into prediction set (/hpc/projects/data.science/yangjoon.kim/zebrahub_multiome/data/processed_data/12_peak_umap_motif_analysis/intermediate/prediction.fa) and validation set (/hpc/projects/data.science/yangjoon.kim/zebrahub_multiome/data/processed_data/12_peak_umap_motif_analysis/intermediate/validation.fa)
2025-01-21 16:36:58,791 - WARNING - PLEASE NOTE: FASTA file contains sequences of different sizes. Positional preference plots might be incorrect!
2025-01-21 16:36:58,791 - WARNING - PLEASE NOTE: FASTA file contains sequences of different sizes. Positional preference plots might be incorrect!
2025-01-21 16:36:59,019 - DEBUG - Creating GC matched background
Sequences do not seem to be of equal size.
GC% matched sequences of the median size (579) will be created
2025-01-21 16:36:59,058 - INFO - Creating index for genomic GC frequencies.
2025-01-21 16:36:59,058 - INFO - Creating index for genomic GC frequencies.
2025-01-21 16:38:36,481 - DEBUG - GC matched background: /hpc/projects/data.science/yangjoon.kim/zebrahub_multiome/data/processed_data/12_peak_umap_motif_analysis/intermediate/prediction.bg.fa
2025-01-21 16:38:47,951 - DEBUG - Creating GC matched background
Sequences do not seem to be of equal size.
GC% matched sequences of the median size (576) will be created
2025-01-21 16:55:20,988 - DEBUG - GC matched background: /hpc/projects/data.science/yangjoon.kim/zebrahub_multiome/data/processed_data/12_peak_umap_motif_analysis/intermediate/bg.gc.fa
2025-01-21 18:04:40,757 - DEBUG - Random background: /hpc/projects/data.science/yangjoon.kim/zebrahub_multiome/data/processed_data/12_peak_umap_motif_analysis/intermediate/bg.random.fa
2025-01-21 18:04:51,673 - DEBUG - Using multiprocessing
2025-01-21 18:04:51,674 - DEBUG - Parameters:
2025-01-21 18:04:51,674 - DEBUG -   fraction: 0.2
2025-01-21 18:04:51,674 - DEBUG -   use_strand: False
2025-01-21 18:04:51,674 - DEBUG -   abs_max: 1000
2025-01-21 18:04:51,674 - DEBUG -   analysis: xl
2025-01-21 18:04:51,674 - DEBUG -   enrichment: 1.5
2025-01-21 18:04:51,675 - DEBUG -   size: 200
2025-01-21 18:04:51,675 - DEBUG -   lsize: 500
2025-01-21 18:04:51,675 - DEBUG -   background: ['gc', 'random']
2025-01-21 18:04:51,675 - DEBUG -   cluster_threshold: 0.95
2025-01-21 18:04:51,675 - DEBUG -   scan_cutoff: 0.9
2025-01-21 18:04:51,675 - DEBUG -   available_tools: AMD,BioProspector,ChIPMunk,HMS,Homer,Improbizer,MDmodule,MotifSampler,Posmo
2025-01-21 18:04:51,675 - DEBUG -   tools: MEME,BioProspector,Homer
2025-01-21 18:04:51,675 - DEBUG -   pvalue: 0.001
2025-01-21 18:04:51,675 - DEBUG -   max_time: -1
2025-01-21 18:04:51,675 - DEBUG -   ncpus: 12
2025-01-21 18:04:51,675 - DEBUG -   motif_db: gimme.vertebrate.v5.0.pfm
2025-01-21 18:04:51,675 - DEBUG -   use_cache: False
2025-01-21 18:04:51,675 - DEBUG - No time limit for motif prediction
2025-01-21 18:04:51,675 - INFO - starting motif prediction (xl)
2025-01-21 18:04:51,675 - INFO - starting motif prediction (xl)
2025-01-21 18:04:51,675 - INFO - tools: BioProspector, Homer
2025-01-21 18:04:51,675 - INFO - tools: BioProspector, Homer
True
Motif database directory: /hpc/mydata/yang-joon.kim/genomes/danRer11/
Background directory: /hpc/mydata/yang-joon.kim/genomes/danRer11/
BEDTools found at: /hpc/user_apps/data.science/conda_envs/celloracle_shared/bin/bedtools
BEDTools is properly installed
2025-01-21 18:08:51,817 - DEBUG - Skipping AMD
2025-01-21 18:08:51,819 - DEBUG - Skipping GADEM
2025-01-21 18:08:51,819 - DEBUG - Skipping Improbizer
2025-01-21 18:08:51,819 - DEBUG - Skipping JASPAR
2025-01-21 18:08:51,819 - DEBUG - Skipping MEMEW
2025-01-21 18:08:51,819 - DEBUG - Skipping ProSampler
2025-01-21 18:08:51,819 - DEBUG - Skipping RPMCMC
2025-01-21 18:08:51,819 - DEBUG - Skipping Trawler
2025-01-21 18:08:51,819 - DEBUG - Skipping Weeder
2025-01-21 18:08:51,819 - DEBUG - Skipping XXmotif
2025-01-21 18:08:51,819 - DEBUG - Starting BioProspector job, width 6
2025-01-21 18:08:51,820 - DEBUG - Starting BioProspector job, width 8
2025-01-21 18:08:51,820 - DEBUG - Starting BioProspector job, width 10
2025-01-21 18:08:51,820 - DEBUG - Starting BioProspector job, width 12
2025-01-21 18:08:51,820 - DEBUG - Starting BioProspector job, width 14
2025-01-21 18:08:51,820 - DEBUG - Starting BioProspector job, width 16
2025-01-21 18:08:51,820 - DEBUG - Starting BioProspector job, width 18
2025-01-21 18:08:51,820 - DEBUG - Starting BioProspector job, width 20
2025-01-21 18:08:51,820 - DEBUG - Skipping ChIPMunk
2025-01-21 18:08:51,820 - DEBUG - Skipping DiNAMO
2025-01-21 18:08:51,820 - DEBUG - Skipping DREME
2025-01-21 18:08:51,820 - DEBUG - Skipping HMS
2025-01-21 18:08:51,820 - DEBUG - Starting Homer job, width 6
2025-01-21 18:08:51,820 - DEBUG - Starting Homer job, width 8
2025-01-21 18:08:51,820 - DEBUG - Starting Homer job, width 10
2025-01-21 18:08:51,820 - DEBUG - Starting Homer job, width 12
2025-01-21 18:08:51,820 - DEBUG - Starting Homer job, width 14
2025-01-21 18:08:51,820 - DEBUG - Starting Homer job, width 16
2025-01-21 18:08:51,820 - DEBUG - Starting Homer job, width 18
2025-01-21 18:08:51,820 - DEBUG - Starting Homer job, width 20
2025-01-21 18:08:51,820 - DEBUG - Skipping MDmodule
2025-01-21 18:08:51,820 - DEBUG - Skipping MEME
2025-01-21 18:08:51,820 - DEBUG - Skipping MotifSampler
2025-01-21 18:08:51,821 - DEBUG - Skipping Posmo
2025-01-21 18:08:51,821 - DEBUG - Skipping YAMDA
2025-01-21 18:08:51,821 - INFO - all jobs submitted
2025-01-21 18:08:51,821 - INFO - all jobs submitted
2025-01-21 18:09:00,068 - INFO - Homer_width_6 finished, found 5 motifs
2025-01-21 18:09:00,068 - INFO - Homer_width_6 finished, found 5 motifs
2025-01-21 18:09:00,075 - DEBUG - Starting stats job of 5 motifs
2025-01-21 18:09:00,076 - DEBUG - stdout <multiprocessing.pool.ApplyResult object at 0x7f9210455720>: Running command:
/hpc/mydata/yang-joon.kim/homer/bin/homer2 denovo -i /hpc/projects/data.science/yangjoon.kim/zebrahub_multiome/data/processed_data/12_peak_umap_motif_analysis/intermediate/prediction.fa -b /hpc/projects/data.science/yangjoon.kim/zebrahub_multiome/data/processed_data/12_peak_umap_motif_analysis/intermediate/prediction.bg.fa -len 6 -S 5  -o /tmp/gimmemotifs.1809900.pb2mnt03/Homer.emdp8azs/homer_w6.jiaiwlmi -p 8

2025-01-21 18:09:04,824 - DEBUG - stdout <multiprocessing.pool.ApplyResult object at 0x7f9210455720>: 
	Number of Trial motifs (-T) set to 8 (from 10) to work well with 8 CPUs
	Treating input files as FASTA format
	Scanning input files...
	Parsing sequences...
	|0%                                   50%                                  100%|
	================================================================================
	Total number of Oligos: 2080
	Autoadjustment for sequence coverage in background: 1.20x

	Oligos: 2080 of 2161 max
	Tree  : 4216 of 10805 max
	Optimizing memory usage...
	Cache length = 11180
	Using binomial scoring

	Global Optimization Phase: Looking for enriched oligos with up to 2 mismatches...

	Screening oligos 2080 (allowing 0 mismatches):
	|0%                                   50%                                  100%|
	===============================================================================
		0.00% skipped, 100.00% checked (2080 of 2080), of those checked:
		0.00% not in target, 0.00% increased p-value, 0.00% high p-value

	Screening oligos 2080 (allowing 1 mismatches):
	|0%                                   50%                                  100%|
	===============================================================================
		0.00% skipped, 100.00% checked (2080 of 2080), of those checked:
		0.00% not in target, 48.51% increased p-value, 56.39% high p-value

	Screening oligos 2080 (allowing 2 mismatches):
	|0%                                   50%                                  100%|
	===============================================================================
		82.26% skipped, 17.74% checked (369 of 2080), of those checked:
		0.00% not in target, 8.46% increased p-value, 0.00% high p-value
	Reading input files...
	11000 total sequences read
	Cache length = 11180
	Using binomial scoring

	Local Optimization Phase:
	1 of 5 Initial Sequence: GACCAT... (-11.163)
		Round 1: -12.59 GACCAT T:518.2(40.44%),B:4888.0(33.54%),P:1e-5
		Round 2: -13.55 GACMTS T:796.9(54.90%),B:7691.0(47.43%),P:1e-5
		Round 3: -13.55 GACMTS T:796.9(54.90%),B:7691.0(47.43%),P:1e-5
		=Final=: -16.11 GACMTS T:512.0(51.20%),B:4297.0(42.97%),P:1e-6
		Performing exhaustive masking of motif...
		Reprioritizing potential motifs...
	2 of 5 Initial Sequence: CTCTCT... (-10.304)
		Round 1: -10.30 CTCTCT T:744.6(52.50%),B:7383.0(46.05%),P:1e-4
		Round 2: -10.30 CTCTCT T:744.6(52.50%),B:7383.0(46.05%),P:1e-4
		=Final=: -10.15 CTCTCT T:396.0(39.60%),B:3358.0(33.58%),P:1e-4
		Performing exhaustive masking of motif...
		Reprioritizing potential motifs...
	3 of 5 Initial Sequence: CAGAGC... (-8.369)
		Round 1: -10.42 CAGAGC T:725.3(51.59%),B:7178.0(45.12%),P:1e-4
		Round 2: -10.42 CAGAGC T:725.3(51.59%),B:7178.0(45.12%),P:1e-4
		=Final=: -15.48 CAGAGC T:390.0(39.00%),B:3136.0(31.36%),P:1e-6
		Performing exhaustive masking of motif...
		Reprioritizing potential motifs...
	4 of 5 Initial Sequence: AGACAC... (-7.256)
		Round 1: -7.26 AGACAC T:373.2(31.15%),B:3688.0(26.53%),P:1e-3
		Round 2: -7.26 AGACAC T:373.2(31.15%),B:3688.0(26.53%),P:1e-3
		=Final=: -10.69 AGACAC T:348.0(34.80%),B:2881.0(28.81%),P:1e-4
		Performing exhaustive masking of motif...
		Reprioritizing potential motifs...
	5 of 5 Initial Sequence: CCTCTA... (-6.662)
		Round 1: -8.16 CCTCTA T:821.3(56.02%),B:8415.0(50.51%),P:1e-3
		Round 2: -8.16 CCTCTA T:821.3(56.02%),B:8415.0(50.51%),P:1e-3
		=Final=: -13.68 CCTCTA T:212.0(21.20%),B:1551.0(15.51%),P:1e-5
		Performing exhaustive masking of motif...
		Reprioritizing potential motifs...

	Finalizing Enrichment Statistics (new in v3.4)
	Reading input files...
	11000 total sequences read
	Cache length = 11180
	Using binomial scoring
	Checking enrichment of 5 motif(s)
	|0%                                    50%                                  100%|
	=================================================================================
	Output in file: /tmp/gimmemotifs.1809900.pb2mnt03/Homer.emdp8azs/homer_w6.jiaiwlmi

	Cleaning up temporary sequence and group files:
		01604306599.seq
		01604306599.group

2025-01-21 18:09:04,825 - INFO - Homer_width_8 finished, found 5 motifs
2025-01-21 18:09:04,825 - INFO - Homer_width_8 finished, found 5 motifs
2025-01-21 18:09:04,851 - DEBUG - Starting stats job of 5 motifs
2025-01-21 18:09:04,852 - DEBUG - stdout <multiprocessing.pool.ApplyResult object at 0x7f9210454b20>: Running command:
/hpc/mydata/yang-joon.kim/homer/bin/homer2 denovo -i /hpc/projects/data.science/yangjoon.kim/zebrahub_multiome/data/processed_data/12_peak_umap_motif_analysis/intermediate/prediction.fa -b /hpc/projects/data.science/yangjoon.kim/zebrahub_multiome/data/processed_data/12_peak_umap_motif_analysis/intermediate/prediction.bg.fa -len 8 -S 5  -o /tmp/gimmemotifs.1809900.pb2mnt03/Homer.ep5jofh6/homer_w8.lusf2lew -p 8

2025-01-21 18:09:04,852 - DEBUG - stdout <multiprocessing.pool.ApplyResult object at 0x7f9210454b20>: 
	Number of Trial motifs (-T) set to 8 (from 10) to work well with 8 CPUs
	Treating input files as FASTA format
	Scanning input files...
	Parsing sequences...
	|0%                                   50%                                  100%|
	================================================================================
	Total number of Oligos: 32896
	Autoadjustment for sequence coverage in background: 1.19x

	Oligos: 32896 of 34497 max
	Tree  : 67016 of 172485 max
	Optimizing memory usage...
	Cache length = 11180
	Using binomial scoring

	Global Optimization Phase: Looking for enriched oligos with up to 2 mismatches...

	Screening oligos 32896 (allowing 0 mismatches):
	|0%                                   50%                                  100%|
	================================================================================
		0.51% skipped, 99.49% checked (32729 of 32896), of those checked:
		0.51% not in target, 0.00% increased p-value, 0.00% high p-value

	Screening oligos 32896 (allowing 1 mismatches):
	|0%                                   50%                                  100%|
	================================================================================
		0.51% skipped, 99.49% checked (32729 of 32896), of those checked:
		0.00% not in target, 34.40% increased p-value, 63.65% high p-value

	Screening oligos 32896 (allowing 2 mismatches):
	|0%                                   50%                                  100%|
	================================================================================
		73.00% skipped, 27.00% checked (8882 of 32896), of those checked:
		0.00% not in target, 25.20% increased p-value, 0.00% high p-value
	Reading input files...
	11000 total sequences read
	Cache length = 11180
	Using binomial scoring

	Local Optimization Phase:
	1 of 5 Initial Sequence: CTGATCCT... (-12.322)
		Round 1: -19.06 CTGATCCT T:370.6(30.94%),B:3120.0(22.98%),P:1e-8
		Round 2: -19.06 CTGATCCT T:370.6(30.94%),B:3120.0(22.98%),P:1e-8
		=Final=: -26.83 CTGATCCT T:221.0(22.10%),B:1395.0(13.95%),P:1e-11
		Performing exhaustive masking of motif...
		Reprioritizing potential motifs...
	2 of 5 Initial Sequence: GTCTTCGT... (-12.219)
		Round 1: -15.84 GTCTTCGT T:560.2(42.90%),B:5125.0(34.88%),P:1e-6
		Round 2: -15.84 GTCTTCGT T:560.2(42.90%),B:5125.0(34.88%),P:1e-6
		=Final=: -21.34 GTCTTCGT T:566.0(56.60%),B:4692.0(46.92%),P:1e-9
		Performing exhaustive masking of motif...
		Reprioritizing potential motifs...
	3 of 5 Initial Sequence: TAACACTC... (-11.306)
		Round 1: -11.31 TAACACTC T:28.0(2.76%),B:126.0(1.05%),P:1e-4
		Round 2: -11.31 TAACACTC T:28.0(2.76%),B:126.0(1.05%),P:1e-4
		=Final=: -11.83 TAACACTC T:31.0(3.10%),B:126.0(1.26%),P:1e-5
		Performing exhaustive masking of motif...
		Reprioritizing potential motifs...
	4 of 5 Initial Sequence: AGCCTACA... (-10.884)
		Round 1: -16.59 AGCCTACA T:497.4(39.18%),B:4461.0(31.16%),P:1e-7
		Round 2: -16.59 AGCCTACA T:497.4(39.18%),B:4461.0(31.16%),P:1e-7
		=Final=: -36.23 AGCCTACA T:466.0(46.60%),B:3406.0(34.06%),P:1e-15
		Performing exhaustive masking of motif...
		Reprioritizing potential motifs...
	5 of 5 Initial Sequence: CAGCAGCT... (-9.574)
		Round 1: -14.98 CAGCAGCT T:492.9(38.87%),B:4486.0(31.31%),P:1e-6
		Round 2: -15.16 CAGCAGCT T:415.9(33.98%),B:3705.0(26.67%),P:1e-6
		Round 3: -15.19 CAGCAGCT T:393.3(32.51%),B:3494.0(25.36%),P:1e-6
		Round 4: -15.19 CAGCAGCT T:393.3(32.51%),B:3494.0(25.36%),P:1e-6
		=Final=: -20.45 CAGCAGCT T:345.0(34.50%),B:2595.0(25.95%),P:1e-8
		Performing exhaustive masking of motif...
		Reprioritizing potential motifs...

	Finalizing Enrichment Statistics (new in v3.4)
	Reading input files...
	11000 total sequences read
	Cache length = 11180
	Using binomial scoring
	Checking enrichment of 5 motif(s)
	|0%                                    50%                                  100%|
	=================================================================================
	Output in file: /tmp/gimmemotifs.1809900.pb2mnt03/Homer.ep5jofh6/homer_w8.lusf2lew

	Cleaning up temporary sequence and group files:
		01104178073.seq
		01104178073.group

2025-01-21 18:09:21,057 - INFO - Homer_width_10 finished, found 5 motifs
2025-01-21 18:09:21,057 - INFO - Homer_width_10 finished, found 5 motifs
2025-01-21 18:09:21,063 - DEBUG - Starting stats job of 5 motifs
2025-01-21 18:09:21,063 - DEBUG - stdout <multiprocessing.pool.ApplyResult object at 0x7f929a3f3c40>: Running command:
/hpc/mydata/yang-joon.kim/homer/bin/homer2 denovo -i /hpc/projects/data.science/yangjoon.kim/zebrahub_multiome/data/processed_data/12_peak_umap_motif_analysis/intermediate/prediction.fa -b /hpc/projects/data.science/yangjoon.kim/zebrahub_multiome/data/processed_data/12_peak_umap_motif_analysis/intermediate/prediction.bg.fa -len 10 -S 5  -o /tmp/gimmemotifs.1809900.pb2mnt03/Homer.9v7mv_9b/homer_w10.r_i74e9i -p 8

2025-01-21 18:09:21,063 - DEBUG - stdout <multiprocessing.pool.ApplyResult object at 0x7f929a3f3c40>: 
	Number of Trial motifs (-T) set to 8 (from 10) to work well with 8 CPUs
	Treating input files as FASTA format
	Scanning input files...
	Parsing sequences...
	|0%                                   50%                                  100%|
	================================================================================
	Total number of Oligos: 502101
	Autoadjustment for sequence coverage in background: 1.19x

	Oligos: 502101 of 551887 max
	Tree  : 1034800 of 2759435 max
	Optimizing memory usage...
	Cache length = 11180
	Using binomial scoring

	Global Optimization Phase: Looking for enriched oligos with up to 2 mismatches...

	Screening oligos 502101 (allowing 0 mismatches):
	|0%                                   50%                                  100%|
	================================================================================
		42.44% skipped, 57.56% checked (289001 of 502101), of those checked:
		42.44% not in target, 0.00% increased p-value, 0.00% high p-value

	Screening oligos 502101 (allowing 1 mismatches):
	|0%                                   50%                                  100%|
	================================================================================
		42.44% skipped, 57.56% checked (289001 of 502101), of those checked:
		0.00% not in target, 17.42% increased p-value, 39.89% high p-value

	Screening oligos 502101 (allowing 2 mismatches):
	|0%                                   50%                                  100%|
	================================================================================
		87.91% skipped, 12.09% checked (60718 of 502101), of those checked:
		0.00% not in target, 7.80% increased p-value, 0.00% high p-value
	Reading input files...
	11000 total sequences read
	Cache length = 11180
	Using binomial scoring

	Local Optimization Phase:
	1 of 5 Initial Sequence: CCTCTGAGCT... (-15.941)
		Round 1: -20.25 CCTCTGAGCT T:356.5(29.97%),B:2938.0(21.83%),P:1e-8
		Round 2: -25.82 CCTCTGAGCT T:301.0(26.00%),B:2279.0(17.39%),P:1e-11
		Round 3: -29.62 CCTCTGAGCT T:363.5(30.45%),B:2746.0(20.56%),P:1e-12
		Round 4: -30.01 CCTCTGAGCT T:319.0(27.32%),B:2343.0(17.83%),P:1e-13
		Round 5: -30.01 CCTCTGAGCT T:319.0(27.32%),B:2343.0(17.83%),P:1e-13
		=Final=: -36.09 CCTCTGAGCT T:179.0(17.90%),B:951.0(9.51%),P:1e-15
		Performing exhaustive masking of motif...
		Reprioritizing potential motifs...
	2 of 5 Initial Sequence: AGACCTCTTA... (-14.582)
		Round 1: -21.67 AGACCTCTTA T:67.3(6.48%),B:325.0(2.69%),P:1e-9
		Round 2: -21.67 AGACCTCTTA T:67.3(6.48%),B:325.0(2.69%),P:1e-9
		=Final=: -32.64 AGACCTCTTA T:84.0(8.40%),B:323.0(3.23%),P:1e-14
		Performing exhaustive masking of motif...
		Reprioritizing potential motifs...
	3 of 5 Initial Sequence: CCACATGCAG... (-13.932)
		Round 1: -19.91 CCACATGCAG T:253.4(22.36%),B:1972.0(15.24%),P:1e-8
		Round 2: -20.76 CCACATGCAG T:423.2(34.51%),B:3574.0(25.89%),P:1e-9
		Round 3: -22.29 CCACATGCAG T:393.0(32.44%),B:3220.0(23.65%),P:1e-9
		Round 4: -26.01 CCACATGCAG T:499.2(39.30%),B:4119.0(29.20%),P:1e-11
		Round 5: -26.01 CCACATGCAG T:499.2(39.30%),B:4119.0(29.20%),P:1e-11
		=Final=: -31.21 CCACATGCAG T:436.0(43.60%),B:3217.0(32.17%),P:1e-13
		Performing exhaustive masking of motif...
		Reprioritizing potential motifs...
	4 of 5 Initial Sequence: CGCTGTGTGT... (-13.363)
		Round 1: -17.15 CGCTGTGTGT T:414.4(33.91%),B:3619.0(26.17%),P:1e-7
		Round 2: -19.07 CGCTGTGTGT T:437.0(35.42%),B:3770.0(27.09%),P:1e-8
		Round 3: -19.07 CGCTGTGTGT T:437.0(35.42%),B:3770.0(27.09%),P:1e-8
		=Final=: -25.65 CGCTGTGTGT T:260.0(26.00%),B:1741.0(17.41%),P:1e-11
		Performing exhaustive masking of motif...
		Reprioritizing potential motifs...
	5 of 5 Initial Sequence: AGCATCACCA... (-13.681)
		Round 1: -19.57 AGCATCACCA T:136.7(12.72%),B:919.0(7.41%),P:1e-8
		Round 2: -21.86 AGCATCACCA T:165.3(15.22%),B:1135.0(9.07%),P:1e-9
		Round 3: -21.86 AGCATCACCA T:165.3(15.22%),B:1135.0(9.07%),P:1e-9
		=Final=: -26.93 AGCATCACCA T:175.0(17.50%),B:1023.0(10.23%),P:1e-11
		Performing exhaustive masking of motif...
		Reprioritizing potential motifs...

	Finalizing Enrichment Statistics (new in v3.4)
	Reading input files...
	11000 total sequences read
	Cache length = 11180
	Using binomial scoring
	Checking enrichment of 5 motif(s)
	|0%                                    50%                                  100%|
	=================================================================================
	Output in file: /tmp/gimmemotifs.1809900.pb2mnt03/Homer.9v7mv_9b/homer_w10.r_i74e9i

	Cleaning up temporary sequence and group files:
		01740928967.seq
		01740928967.group

2025-01-21 18:09:38,138 - INFO - Homer_width_12 finished, found 5 motifs
2025-01-21 18:09:38,138 - INFO - Homer_width_12 finished, found 5 motifs
2025-01-21 18:09:38,145 - DEBUG - Starting stats job of 5 motifs
2025-01-21 18:09:38,145 - DEBUG - stdout <multiprocessing.pool.ApplyResult object at 0x7f929a3f2e90>: Running command:
/hpc/mydata/yang-joon.kim/homer/bin/homer2 denovo -i /hpc/projects/data.science/yangjoon.kim/zebrahub_multiome/data/processed_data/12_peak_umap_motif_analysis/intermediate/prediction.fa -b /hpc/projects/data.science/yangjoon.kim/zebrahub_multiome/data/processed_data/12_peak_umap_motif_analysis/intermediate/prediction.bg.fa -len 12 -S 5  -o /tmp/gimmemotifs.1809900.pb2mnt03/Homer.vhtf3fk9/homer_w12.3i95oifn -p 8

2025-01-21 18:09:38,145 - DEBUG - stdout <multiprocessing.pool.ApplyResult object at 0x7f929a3f2e90>: 
	Number of Trial motifs (-T) set to 8 (from 10) to work well with 8 CPUs
	Treating input files as FASTA format
	-blen automatically set to 2
	Scanning input files...
	Parsing sequences...
	|0%                                   50%                                  100%|
	================================================================================
	Total number of Oligos: 2991212
	Autoadjustment for sequence coverage in background: 1.19x

	Oligos: 2991212 of 6332533 max
	Tree  : 7077712 of 31662665 max
	Optimizing memory usage...
	Cache length = 11180
	Using binomial scoring

	Global Optimization Phase: Looking for enriched oligos with up to 2 mismatches...

	Screening oligos 2991212 (allowing 0 mismatches):
	|0%                                   50%                                  100%|
	================================================================================
		81.30% skipped, 18.70% checked (559281 of 2991212), of those checked:
		81.30% not in target, 0.00% increased p-value, 0.00% high p-value

	Screening oligos 2991212 (allowing 1 mismatches):
	|0%                                   50%                                  100%|
	================================================================================
		81.30% skipped, 18.70% checked (559281 of 2991212), of those checked:
		0.00% not in target, 7.18% increased p-value, 11.72% high p-value

	Screening oligos 2991212 (allowing 2 mismatches):
	|0%                                   50%                                  100%|
	================================================================================
		98.35% skipped, 1.65% checked (49221 of 2991212), of those checked:
		0.00% not in target, 1.24% increased p-value, 0.00% high p-value
	Reading input files...
	11000 total sequences read
	Cache length = 11180
	Using binomial scoring

	Local Optimization Phase:
	1 of 5 Initial Sequence: AGTGTTATTGGT... (-17.256)
		Round 1: -29.05 AGTGTTATTGGT T:10.5(1.00%),B:3.0(0.03%),P:1e-12
		Round 2: -30.53 AGTGTTATTGGT T:9.5(0.90%),B:2.0(0.02%),P:1e-13
		Round 3: -30.53 AGTGTTATTGGT T:9.5(0.90%),B:2.0(0.02%),P:1e-13
		=Final=: -8.24 AGTGTTATTGGT T:4.0(0.40%),B:3.0(0.03%),P:1e-3
		Performing exhaustive masking of motif...
		Reprioritizing potential motifs...
	2 of 5 Initial Sequence: TTTGAATCACTC... (-17.256)
		Round 1: -35.21 TTTGAATCACTC T:10.1(1.00%),B:1.0(0.01%),P:1e-15
		Round 2: -35.21 TTTGAATCACTC T:10.1(1.00%),B:1.0(0.01%),P:1e-15
		=Final=: -5.37 TTTGAATCACTC T:2.0(0.20%),B:0.0(0.00%),P:1e-2
		Performing exhaustive masking of motif...
		Reprioritizing potential motifs...
	3 of 5 Initial Sequence: AGAGAGAGAGAG... (-16.909)
		Round 1: -18.34 AGAGAGAGAGAG T:578.4(43.91%),B:5183.0(35.27%),P:1e-7
		Round 2: -19.09 AGAGAGAGAGAG T:491.5(38.81%),B:4292.0(30.25%),P:1e-8
		Round 3: -20.19 AGAGAGAGAGAG T:664.8(48.54%),B:5934.0(39.23%),P:1e-8
		Round 4: -20.23 AGAGAGAGAGAG T:461.5(36.95%),B:3949.0(28.21%),P:1e-8
		Round 5: -23.45 AGAGAGAGAGAG T:533.4(41.33%),B:4524.0(31.59%),P:1e-10
		Round 6: -24.78 AGAGAGAGAGAG T:584.0(44.25%),B:4958.0(34.04%),P:1e-10
		Round 7: -25.82 AGAGAGASAGAG T:488.3(38.63%),B:4012.0(28.59%),P:1e-11
		Round 8: -25.82 AGAGAGASAGAG T:488.3(38.63%),B:4012.0(28.59%),P:1e-11
		=Final=: -28.30 AGAGAGASAGAG T:246.0(24.60%),B:1581.0(15.81%),P:1e-12
		Performing exhaustive masking of motif...
		Reprioritizing potential motifs...
	4 of 5 Initial Sequence: TAGTCCTCCTAG... (-15.044)
		Round 1: -30.08 TAGTCCTCCTAG T:14.3(1.39%),B:8.0(0.07%),P:1e-13
		Round 2: -44.89 TAGTCCTCCTGG T:12.0(1.19%),B:2.0(0.02%),P:1e-19
		Round 3: -44.89 TAGTCCTCCTGG T:12.0(1.19%),B:2.0(0.02%),P:1e-19
		=Final=: -24.34 TAGTCCTCCTGG T:150.0(15.00%),B:860.0(8.60%),P:1e-10
		Performing exhaustive masking of motif...
		Reprioritizing potential motifs...
	5 of 5 Initial Sequence: GGAGTGTAACTC... (-13.860)
		Round 1: -17.26 GGAGTGTAACTC T:6.4(0.60%),B:2.0(0.02%),P:1e-7
		Round 2: -17.26 GGAGTGTAACTC T:6.4(0.60%),B:2.0(0.02%),P:1e-7
		=Final=: -23.68 GGAGTGTAACTC T:8.0(0.80%),B:2.0(0.02%),P:1e-10
		Performing exhaustive masking of motif...
		Reprioritizing potential motifs...

	Finalizing Enrichment Statistics (new in v3.4)
	Reading input files...
	11000 total sequences read
	Cache length = 11180
	Using binomial scoring
	Checking enrichment of 5 motif(s)
	|0%                                    50%                                  100%|
	=================================================================================
	Output in file: /tmp/gimmemotifs.1809900.pb2mnt03/Homer.vhtf3fk9/homer_w12.3i95oifn

	Cleaning up temporary sequence and group files:
		01621180673.seq
		01621180673.group

2025-01-21 18:10:13,985 - INFO - Homer_width_14 finished, found 5 motifs
2025-01-21 18:10:13,985 - INFO - Homer_width_14 finished, found 5 motifs
2025-01-21 18:10:13,988 - DEBUG - Starting stats job of 5 motifs
2025-01-21 18:10:13,988 - DEBUG - stdout <multiprocessing.pool.ApplyResult object at 0x7f929a3f20e0>: Running command:
/hpc/mydata/yang-joon.kim/homer/bin/homer2 denovo -i /hpc/projects/data.science/yangjoon.kim/zebrahub_multiome/data/processed_data/12_peak_umap_motif_analysis/intermediate/prediction.fa -b /hpc/projects/data.science/yangjoon.kim/zebrahub_multiome/data/processed_data/12_peak_umap_motif_analysis/intermediate/prediction.bg.fa -len 14 -S 5  -o /tmp/gimmemotifs.1809900.pb2mnt03/Homer.lyh3pg8t/homer_w14.4mqj415n -p 8

2025-01-21 18:10:13,988 - DEBUG - stdout <multiprocessing.pool.ApplyResult object at 0x7f929a3f20e0>: 
	Number of Trial motifs (-T) set to 8 (from 10) to work well with 8 CPUs
	Treating input files as FASTA format
	-blen automatically set to 2
	Scanning input files...
	Parsing sequences...
	|0%                                   50%                                  100%|
	================================================================================
	Total number of Oligos: 4789332
	Autoadjustment for sequence coverage in background: 1.19x

	Oligos: 4789332 of 6310533 max
	Tree  : 13551600 of 31552665 max
	Optimizing memory usage...
	Cache length = 11180
	Using binomial scoring

	Global Optimization Phase: Looking for enriched oligos with up to 2 mismatches...

	Screening oligos 4789332 (allowing 0 mismatches):
	|0%                                   50%                                  100%|
	================================================================================
		87.22% skipped, 12.78% checked (611968 of 4789332), of those checked:
		87.22% not in target, 0.00% increased p-value, 0.00% high p-value

	Screening oligos 4789332 (allowing 1 mismatches):
	|0%                                   50%                                  100%|
	================================================================================
		87.22% skipped, 12.78% checked (611968 of 4789332), of those checked:
		0.00% not in target, 8.22% increased p-value, 6.76% high p-value

	Screening oligos 4789332 (allowing 2 mismatches):
	|0%                                   50%                                  100%|
	================================================================================
		97.33% skipped, 2.67% checked (127754 of 4789332), of those checked:
		0.00% not in target, 1.62% increased p-value, 0.89% high p-value
	Reading input files...
	11000 total sequences read
	Cache length = 11180
	Using binomial scoring

	Local Optimization Phase:
	1 of 5 Initial Sequence: TTTGAATCACTCTG... (-44.875)
		Round 1: -44.87 TTTGAATCACTCTG T:12.2(1.19%),B:2.0(0.02%),P:1e-19
		Round 2: -44.87 TTTGAATCACTCTG T:12.2(1.19%),B:2.0(0.02%),P:1e-19
		=Final=: -6.77 TTTGAATCACTCTG T:3.0(0.30%),B:2.0(0.02%),P:1e-2
		Performing exhaustive masking of motif...
		Reprioritizing potential motifs...
	2 of 5 Initial Sequence: GTGTTATTGGTCTT... (-30.518)
		Round 1: -30.52 GTGTTATTGGTCTT T:9.4(0.90%),B:1.0(0.01%),P:1e-13
		Round 2: -30.52 GTGTTATTGGTCTT T:9.4(0.90%),B:1.0(0.01%),P:1e-13
		=Final=: -5.37 GTGTTATTGGTCTT T:2.0(0.20%),B:1.0(0.01%),P:1e-2
		Performing exhaustive masking of motif...
		Reprioritizing potential motifs...
	3 of 5 Initial Sequence: TAGTCCTCCTGGGT... (-21.525)
		Round 1: -35.20 TAGTCCTCCTDGGT T:10.0(1.00%),B:0.0(0.00%),P:1e-15
		Round 2: -44.87 TAGTYYYCCTKGTT T:12.0(1.19%),B:0.0(0.00%),P:1e-19
		Round 3: -44.87 TAGTYYYCCTKGTT T:12.0(1.19%),B:0.0(0.00%),P:1e-19
		=Final=: -9.03 TAGTYYYCCTKGTT T:40.0(4.00%),B:210.0(2.10%),P:1e-3
		Performing exhaustive masking of motif...
		Reprioritizing potential motifs...
	4 of 5 Initial Sequence: TTGGTGTTACTGGA... (-17.249)
		Round 1: -17.25 TTGGTGTTACTGGA T:6.5(0.60%),B:1.0(0.01%),P:1e-7
		Round 2: -17.25 TTGGTGTTACTGGA T:6.5(0.60%),B:1.0(0.01%),P:1e-7
		=Final=: -3.57 TTGGTGTTACTGGA T:437.0(43.70%),B:4068.0(40.68%),P:1e-1
		Performing exhaustive masking of motif...
		Reprioritizing potential motifs...
	5 of 5 Initial Sequence: AAGTACTAGTACCT... (-17.249)
		Round 1: -17.25 AAGTACTAGTACCT T:6.8(0.60%),B:2.0(0.02%),P:1e-7
		Round 2: -17.25 AAGTACTAGTACCT T:6.8(0.60%),B:2.0(0.02%),P:1e-7
		=Final=: -4.04 AAGTACTAGTACCT T:2.0(0.20%),B:2.0(0.02%),P:1e-1
		Performing exhaustive masking of motif...
		Reprioritizing potential motifs...

	Finalizing Enrichment Statistics (new in v3.4)
	Reading input files...
	11000 total sequences read
	Cache length = 11180
	Using binomial scoring
	Checking enrichment of 5 motif(s)
	|0%                                    50%                                  100%|
	=================================================================================
	Output in file: /tmp/gimmemotifs.1809900.pb2mnt03/Homer.lyh3pg8t/homer_w14.4mqj415n

	Cleaning up temporary sequence and group files:
		0614481793.seq
		0614481793.group

2025-01-21 18:10:21,921 - DEBUG - using background: genome danRer11 with size 200
2025-01-21 18:10:22,120 - INFO - using 14000 sequences
2025-01-21 18:10:22,120 - INFO - using 14000 sequences
2025-01-21 18:10:29,777 - DEBUG - Determining mean and stddev for motifs.
2025-01-21 18:10:29,874 - DEBUG - Determining mean and stddev for motifs.
2025-01-21 18:10:30,041 - DEBUG - Determining mean and stddev for motifs.
2025-01-21 18:10:31,298 - DEBUG - Determining mean and stddev for motifs.
2025-01-21 18:10:31,573 - DEBUG - Determining mean and stddev for motifs.
2025-01-21 18:10:31,927 - DEBUG - Determining mean and stddev for motifs.
2025-01-21 18:10:32,744 - DEBUG - Determining mean and stddev for motifs.
2025-01-21 18:10:33,193 - DEBUG - Determining mean and stddev for motifs.
2025-01-21 18:10:34,030 - DEBUG - Determining mean and stddev for motifs.
2025-01-21 18:10:34,844 - DEBUG - Determining mean and stddev for motifs.
2025-01-21 18:10:35,398 - DEBUG - Determining mean and stddev for motifs.
2025-01-21 18:10:35,740 - DEBUG - Determining mean and stddev for motifs.
2025-01-21 18:10:36,864 - DEBUG - Determining mean and stddev for motifs.
2025-01-21 18:10:38,284 - DEBUG - Determining mean and stddev for motifs.
2025-01-21 18:10:39,425 - DEBUG - chunk 1.0 of 1
2025-01-21 18:10:39,459 - DEBUG - scanning 639831 sequences...
2025-01-21 18:10:39,472 - DEBUG - using background: genome danRer11 with size 200
2025-01-21 18:10:39,884 - DEBUG - Scanning
2025-01-21 18:10:42,477 - INFO - BioProspector_width_6 finished, found 5 motifs
2025-01-21 18:10:42,477 - INFO - BioProspector_width_6 finished, found 5 motifs
2025-01-21 18:10:42,482 - DEBUG - Starting stats job of 5 motifs
2025-01-21 18:10:42,483 - DEBUG - stdout <multiprocessing.pool.ApplyResult object at 0x7f929a3f1450>: Read input sequences.
Look for motifs from the original sequences.
Print results.

2025-01-21 18:10:42,483 - DEBUG - stdout <multiprocessing.pool.ApplyResult object at 0x7f929a3f1450>: 
2025-01-21 18:10:50,754 - DEBUG - using background: genome danRer11 with size 200
2025-01-21 18:10:51,530 - DEBUG - chunk 1.0 of 1
2025-01-21 18:10:51,580 - DEBUG - scanning 639831 sequences...
2025-01-21 18:10:51,594 - DEBUG - using background: genome danRer11 with size 200
2025-01-21 18:10:52,107 - DEBUG - Scanning
2025-01-21 18:10:58,969 - INFO - BioProspector_width_8 finished, found 5 motifs
2025-01-21 18:10:58,969 - INFO - BioProspector_width_8 finished, found 5 motifs
2025-01-21 18:10:58,973 - DEBUG - Starting stats job of 5 motifs
2025-01-21 18:10:58,974 - DEBUG - stdout <multiprocessing.pool.ApplyResult object at 0x7f929a3f0790>: Read input sequences.
Look for motifs from the original sequences.
Print results.

2025-01-21 18:10:58,974 - DEBUG - stdout <multiprocessing.pool.ApplyResult object at 0x7f929a3f0790>: 
2025-01-21 18:11:06,852 - DEBUG - using background: genome danRer11 with size 200
2025-01-21 18:11:07,482 - DEBUG - Determining mean and stddev for motifs.
2025-01-21 18:11:07,603 - DEBUG - Determining mean and stddev for motifs.
2025-01-21 18:11:07,813 - DEBUG - Determining mean and stddev for motifs.
2025-01-21 18:11:08,429 - DEBUG - Determining mean and stddev for motifs.
2025-01-21 18:11:08,764 - DEBUG - Determining mean and stddev for motifs.
2025-01-21 18:11:09,689 - DEBUG - Determining mean and stddev for motifs.
2025-01-21 18:11:10,456 - DEBUG - Determining mean and stddev for motifs.
2025-01-21 18:11:10,981 - DEBUG - Determining mean and stddev for motifs.
2025-01-21 18:11:11,869 - DEBUG - Determining mean and stddev for motifs.
2025-01-21 18:11:12,777 - DEBUG - Determining mean and stddev for motifs.
2025-01-21 18:11:13,665 - DEBUG - Determining mean and stddev for motifs.
2025-01-21 18:11:14,299 - DEBUG - Determining mean and stddev for motifs.
2025-01-21 18:11:15,732 - DEBUG - Determining mean and stddev for motifs.
2025-01-21 18:11:17,264 - DEBUG - Determining mean and stddev for motifs.
2025-01-21 18:11:17,284 - INFO - BioProspector_width_10 finished, found 5 motifs
2025-01-21 18:11:17,284 - INFO - BioProspector_width_10 finished, found 5 motifs
2025-01-21 18:11:17,295 - DEBUG - Starting stats job of 5 motifs
2025-01-21 18:11:17,296 - DEBUG - stdout <multiprocessing.pool.ApplyResult object at 0x7f92a7856b90>: Read input sequences.
Look for motifs from the original sequences.
Print results.

2025-01-21 18:11:17,296 - DEBUG - stdout <multiprocessing.pool.ApplyResult object at 0x7f92a7856b90>: 
2025-01-21 18:11:18,908 - DEBUG - chunk 1.0 of 1
2025-01-21 18:11:18,969 - DEBUG - scanning 639831 sequences...
2025-01-21 18:11:18,983 - DEBUG - using background: genome danRer11 with size 200
2025-01-21 18:11:19,590 - DEBUG - Scanning
2025-01-21 18:11:25,201 - DEBUG - using background: genome danRer11 with size 200
2025-01-21 18:11:26,222 - DEBUG - chunk 1.0 of 1
2025-01-21 18:11:26,272 - DEBUG - scanning 639831 sequences...
2025-01-21 18:11:26,285 - DEBUG - using background: genome danRer11 with size 200
2025-01-21 18:11:27,070 - DEBUG - Scanning
2025-01-21 18:11:35,513 - INFO - BioProspector_width_12 finished, found 5 motifs
2025-01-21 18:11:35,513 - INFO - BioProspector_width_12 finished, found 5 motifs
2025-01-21 18:11:35,521 - DEBUG - Starting stats job of 5 motifs
2025-01-21 18:11:35,521 - DEBUG - stdout <multiprocessing.pool.ApplyResult object at 0x7f92a7857160>: Read input sequences.
Look for motifs from the original sequences.
Print results.

2025-01-21 18:11:35,521 - DEBUG - stdout <multiprocessing.pool.ApplyResult object at 0x7f92a7857160>: 
2025-01-21 18:11:43,082 - DEBUG - using background: genome danRer11 with size 200
2025-01-21 18:11:43,873 - DEBUG - Determining mean and stddev for motifs.
2025-01-21 18:11:44,023 - DEBUG - Determining mean and stddev for motifs.
2025-01-21 18:11:44,321 - DEBUG - Determining mean and stddev for motifs.
2025-01-21 18:11:45,060 - DEBUG - Determining mean and stddev for motifs.
2025-01-21 18:11:45,493 - DEBUG - Determining mean and stddev for motifs.
2025-01-21 18:11:46,038 - DEBUG - Determining mean and stddev for motifs.
2025-01-21 18:11:46,952 - DEBUG - Determining mean and stddev for motifs.
2025-01-21 18:11:47,454 - DEBUG - Determining mean and stddev for motifs.
2025-01-21 18:11:48,444 - DEBUG - Determining mean and stddev for motifs.
2025-01-21 18:11:49,314 - DEBUG - Determining mean and stddev for motifs.
2025-01-21 18:11:50,009 - DEBUG - Determining mean and stddev for motifs.
2025-01-21 18:11:50,408 - DEBUG - Determining mean and stddev for motifs.
2025-01-21 18:11:51,565 - DEBUG - Determining mean and stddev for motifs.
2025-01-21 18:11:52,769 - DEBUG - Determining mean and stddev for motifs.
2025-01-21 18:11:52,817 - INFO - Homer_width_16 finished, found 5 motifs
2025-01-21 18:11:52,817 - INFO - Homer_width_16 finished, found 5 motifs
2025-01-21 18:11:52,827 - DEBUG - Starting stats job of 5 motifs
2025-01-21 18:11:52,828 - DEBUG - stdout <multiprocessing.pool.ApplyResult object at 0x7f92a7855ab0>: Running command:
/hpc/mydata/yang-joon.kim/homer/bin/homer2 denovo -i /hpc/projects/data.science/yangjoon.kim/zebrahub_multiome/data/processed_data/12_peak_umap_motif_analysis/intermediate/prediction.fa -b /hpc/projects/data.science/yangjoon.kim/zebrahub_multiome/data/processed_data/12_peak_umap_motif_analysis/intermediate/prediction.bg.fa -len 16 -S 5  -o /tmp/gimmemotifs.1809900.pb2mnt03/Homer.ztie_9zv/homer_w16.zv4dspc_ -p 8

2025-01-21 18:11:52,828 - DEBUG - stdout <multiprocessing.pool.ApplyResult object at 0x7f92a7855ab0>: 
	Number of Trial motifs (-T) set to 8 (from 10) to work well with 8 CPUs
	Treating input files as FASTA format
	-blen automatically set to 3
	Scanning input files...
	Parsing sequences...
	|0%                                   50%                                  100%|
	================================================================================
	Total number of Oligos: 5207067
	Autoadjustment for sequence coverage in background: 1.19x

	Oligos: 5207067 of 6288533 max
	Tree  : 16096284 of 31442665 max
	Optimizing memory usage...
	Cache length = 11180
	Using binomial scoring

	Global Optimization Phase: Looking for enriched oligos with up to 2 mismatches...

	Screening oligos 5207067 (allowing 0 mismatches):
	|0%                                   50%                                  100%|
	================================================================================
		88.05% skipped, 11.95% checked (622201 of 5207067), of those checked:
		88.05% not in target, 0.00% increased p-value, 0.00% high p-value

	Screening oligos 5207067 (allowing 1 mismatches):
	|0%                                   50%                                  100%|
	================================================================================
		88.05% skipped, 11.95% checked (622201 of 5207067), of those checked:
		0.00% not in target, 4.14% increased p-value, 3.05% high p-value

	Screening oligos 5207067 (allowing 2 mismatches):
	|0%                                   50%                                  100%|
	================================================================================
		92.65% skipped, 7.35% checked (382813 of 5207067), of those checked:
		0.00% not in target, 4.94% increased p-value, 3.76% high p-value
	Reading input files...
	11000 total sequences read
	Cache length = 11180
	Using binomial scoring

	Local Optimization Phase:
	1 of 5 Initial Sequence: CATTTGAATCACTCTG... (-37.789)
		Round 1: -39.98 CATTTGAATCACTCTG T:11.6(1.09%),B:2.0(0.02%),P:1e-17
		Round 2: -39.98 CATTTGAATCACTCTG T:11.6(1.09%),B:2.0(0.02%),P:1e-17
		=Final=: -8.83 CATTTGAATCACTCTG T:7.0(0.70%),B:11.0(0.11%),P:1e-3
		Performing exhaustive masking of motif...
		Reprioritizing potential motifs...
	2 of 5 Initial Sequence: GTGTTATTGGTCTTGG... (-30.508)
		Round 1: -35.19 GTGTDATTGGTCTTGG T:10.2(1.00%),B:2.0(0.02%),P:1e-15
		Round 2: -35.19 GTGTDATTGGTCTTGG T:10.2(1.00%),B:2.0(0.02%),P:1e-15
		=Final=: -16.39 GTGTDATTGGTCTTGG T:5.0(0.50%),B:0.0(0.00%),P:1e-7
		Performing exhaustive masking of motif...
		Reprioritizing potential motifs...
	3 of 5 Initial Sequence: TATTGGTGTTACTGGA... (-21.517)
		Round 1: -25.04 TATTGTTGHTACTGGA T:9.4(0.90%),B:3.0(0.03%),P:1e-10
		Round 2: -30.51 TATTGKTGTTACTGGA T:9.4(0.90%),B:0.0(0.00%),P:1e-13
		Round 3: -30.51 TATTGKTGTTACTGGA T:9.4(0.90%),B:0.0(0.00%),P:1e-13
		=Final=: -16.39 TATTGKTGTTACTGGA T:5.0(0.50%),B:0.0(0.00%),P:1e-7
		Performing exhaustive masking of motif...
		Reprioritizing potential motifs...
	4 of 5 Initial Sequence: TTAATCCTCCTGGGTT... (-21.517)
		Round 1: -30.51 TTARTCCTCCTGGGTT T:9.0(0.90%),B:1.0(0.01%),P:1e-13
		Round 2: -30.51 TTARTCCTCCTGGGTT T:9.0(0.90%),B:1.0(0.01%),P:1e-13
		=Final=: -8.78 TTARTCCTCCTGGGTT T:3.0(0.30%),B:1.0(0.01%),P:1e-3
		Performing exhaustive masking of motif...
		Reprioritizing potential motifs...
	5 of 5 Initial Sequence: ATAAGTACTAGTACCT... (-18.401)
		Round 1: -33.43 WTAGGTACTAGTACTT T:13.7(1.29%),B:5.0(0.04%),P:1e-14
		Round 2: -33.43 WTAGGTACTAGTACTT T:13.7(1.29%),B:5.0(0.04%),P:1e-14
		=Final=: -4.04 WTAGGTACTAGTACTT T:2.0(0.20%),B:2.0(0.02%),P:1e-1
		Performing exhaustive masking of motif...
		Reprioritizing potential motifs...

	Finalizing Enrichment Statistics (new in v3.4)
	Reading input files...
	11000 total sequences read
	Cache length = 11180
	Using binomial scoring
	Checking enrichment of 5 motif(s)
	|0%                                    50%                                  100%|
	=================================================================================
	Output in file: /tmp/gimmemotifs.1809900.pb2mnt03/Homer.ztie_9zv/homer_w16.zv4dspc_

	Cleaning up temporary sequence and group files:
		0337391692.seq
		0337391692.group

2025-01-21 18:11:54,086 - INFO - BioProspector_width_14 finished, found 5 motifs
2025-01-21 18:11:54,086 - INFO - BioProspector_width_14 finished, found 5 motifs
2025-01-21 18:11:54,089 - DEBUG - Starting stats job of 5 motifs
2025-01-21 18:11:54,089 - DEBUG - stdout <multiprocessing.pool.ApplyResult object at 0x7f92a7854e50>: Read input sequences.
Look for motifs from the original sequences.
Print results.

2025-01-21 18:11:54,089 - DEBUG - stdout <multiprocessing.pool.ApplyResult object at 0x7f92a7854e50>: 
2025-01-21 18:11:54,329 - DEBUG - chunk 1.0 of 1
2025-01-21 18:11:54,369 - DEBUG - scanning 639831 sequences...
2025-01-21 18:11:54,386 - DEBUG - using background: genome danRer11 with size 200
2025-01-21 18:11:54,931 - DEBUG - Scanning
2025-01-21 18:12:01,146 - DEBUG - using background: genome danRer11 with size 200
2025-01-21 18:12:01,837 - DEBUG - chunk 1.0 of 1
2025-01-21 18:12:01,878 - DEBUG - scanning 639831 sequences...
2025-01-21 18:12:01,892 - DEBUG - using background: genome danRer11 with size 200
2025-01-21 18:12:02,797 - DEBUG - Scanning
2025-01-21 18:12:07,110 - DEBUG - scanning 6398310 sequences...
2025-01-21 18:12:07,131 - DEBUG - using background: genome danRer11 with size 200
2025-01-21 18:12:07,827 - DEBUG - Scanning
2025-01-21 18:12:11,320 - DEBUG - using background: genome danRer11 with size 200
2025-01-21 18:12:12,073 - DEBUG - Determining mean and stddev for motifs.
2025-01-21 18:12:12,212 - DEBUG - Determining mean and stddev for motifs.
2025-01-21 18:12:12,451 - DEBUG - Determining mean and stddev for motifs.
2025-01-21 18:12:12,711 - DEBUG - Determining mean and stddev for motifs.
2025-01-21 18:12:13,424 - DEBUG - Determining mean and stddev for motifs.
2025-01-21 18:12:13,908 - DEBUG - Determining mean and stddev for motifs.
2025-01-21 18:12:14,687 - DEBUG - Determining mean and stddev for motifs.
2025-01-21 18:12:14,970 - INFO - BioProspector_width_16 finished, found 5 motifs
2025-01-21 18:12:14,970 - INFO - BioProspector_width_16 finished, found 5 motifs
2025-01-21 18:12:14,992 - DEBUG - Starting stats job of 5 motifs
2025-01-21 18:12:14,992 - DEBUG - stdout <multiprocessing.pool.ApplyResult object at 0x7f92a7cb4e80>: Read input sequences.
Look for motifs from the original sequences.
Print results.

2025-01-21 18:12:14,992 - DEBUG - stdout <multiprocessing.pool.ApplyResult object at 0x7f92a7cb4e80>: 
2025-01-21 18:12:15,304 - DEBUG - Determining mean and stddev for motifs.
2025-01-21 18:12:16,208 - DEBUG - Determining mean and stddev for motifs.
2025-01-21 18:12:16,985 - DEBUG - Determining mean and stddev for motifs.
2025-01-21 18:12:18,594 - DEBUG - Determining mean and stddev for motifs.
2025-01-21 18:12:19,467 - DEBUG - Determining mean and stddev for motifs.
2025-01-21 18:12:20,959 - DEBUG - Determining mean and stddev for motifs.
2025-01-21 18:12:22,501 - DEBUG - Determining mean and stddev for motifs.
2025-01-21 18:12:22,697 - DEBUG - scanning 6398310 sequences...
2025-01-21 18:12:22,714 - DEBUG - using background: genome danRer11 with size 200
2025-01-21 18:12:23,226 - DEBUG - using background: genome danRer11 with size 200
2025-01-21 18:12:24,420 - DEBUG - chunk 1.0 of 1
2025-01-21 18:12:24,474 - DEBUG - scanning 639831 sequences...
2025-01-21 18:12:24,487 - DEBUG - using background: genome danRer11 with size 200
2025-01-21 18:12:25,853 - DEBUG - Scanning
2025-01-21 18:12:26,357 - DEBUG - chunk 1.0 of 1
2025-01-21 18:12:26,407 - DEBUG - scanning 639831 sequences...
2025-01-21 18:12:26,419 - DEBUG - using background: genome danRer11 with size 200
2025-01-21 18:12:26,706 - DEBUG - Scanning
2025-01-21 18:12:27,459 - DEBUG - Scanning
2025-01-21 18:12:32,279 - INFO - BioProspector_width_18 finished, found 5 motifs
2025-01-21 18:12:32,279 - INFO - BioProspector_width_18 finished, found 5 motifs
2025-01-21 18:12:32,284 - DEBUG - Starting stats job of 5 motifs
2025-01-21 18:12:32,285 - DEBUG - stdout <multiprocessing.pool.ApplyResult object at 0x7f92a7b4bd90>: Read input sequences.
Look for motifs from the original sequences.
Print results.

2025-01-21 18:12:32,285 - DEBUG - stdout <multiprocessing.pool.ApplyResult object at 0x7f92a7b4bd90>: 
2025-01-21 18:12:40,022 - DEBUG - using background: genome danRer11 with size 200
2025-01-21 18:12:40,611 - DEBUG - Determining mean and stddev for motifs.
2025-01-21 18:12:40,755 - DEBUG - Determining mean and stddev for motifs.
2025-01-21 18:12:40,985 - DEBUG - Determining mean and stddev for motifs.
2025-01-21 18:12:41,263 - DEBUG - Determining mean and stddev for motifs.
2025-01-21 18:12:41,980 - DEBUG - Determining mean and stddev for motifs.
2025-01-21 18:12:42,441 - DEBUG - Determining mean and stddev for motifs.
2025-01-21 18:12:43,291 - DEBUG - Determining mean and stddev for motifs.
2025-01-21 18:12:44,009 - DEBUG - Determining mean and stddev for motifs.
2025-01-21 18:12:45,068 - DEBUG - Determining mean and stddev for motifs.
2025-01-21 18:12:45,658 - DEBUG - Determining mean and stddev for motifs.
2025-01-21 18:12:46,785 - DEBUG - Determining mean and stddev for motifs.
2025-01-21 18:12:47,194 - DEBUG - Determining mean and stddev for motifs.
2025-01-21 18:12:48,487 - DEBUG - Determining mean and stddev for motifs.
2025-01-21 18:12:49,820 - DEBUG - Determining mean and stddev for motifs.
2025-01-21 18:12:49,859 - INFO - BioProspector_width_20 finished, found 5 motifs
2025-01-21 18:12:49,859 - INFO - BioProspector_width_20 finished, found 5 motifs
2025-01-21 18:12:49,868 - DEBUG - Starting stats job of 5 motifs
2025-01-21 18:12:49,868 - DEBUG - stdout <multiprocessing.pool.ApplyResult object at 0x7f92a7b49e10>: Read input sequences.
Look for motifs from the original sequences.
Print results.

2025-01-21 18:12:49,868 - DEBUG - stdout <multiprocessing.pool.ApplyResult object at 0x7f92a7b49e10>: 
2025-01-21 18:12:51,118 - DEBUG - scanning 6398310 sequences...
2025-01-21 18:12:51,133 - DEBUG - using background: genome danRer11 with size 200
2025-01-21 18:12:51,608 - DEBUG - chunk 1.0 of 1
2025-01-21 18:12:51,661 - DEBUG - scanning 639831 sequences...
2025-01-21 18:12:51,683 - DEBUG - using background: genome danRer11 with size 200
2025-01-21 18:12:52,441 - DEBUG - Scanning
2025-01-21 18:12:52,790 - DEBUG - Scanning
2025-01-21 18:12:57,855 - DEBUG - using background: genome danRer11 with size 200
2025-01-21 18:12:58,650 - DEBUG - chunk 1.0 of 1
2025-01-21 18:12:58,701 - DEBUG - scanning 639831 sequences...
2025-01-21 18:12:58,718 - DEBUG - using background: genome danRer11 with size 200
2025-01-21 18:12:59,332 - DEBUG - Scanning
2025-01-21 18:13:04,182 - DEBUG - scanning 6398310 sequences...
2025-01-21 18:13:04,198 - DEBUG - using background: genome danRer11 with size 200
2025-01-21 18:13:04,910 - DEBUG - Scanning
2025-01-21 18:13:31,889 - DEBUG - scanning 6398310 sequences...
2025-01-21 18:13:31,927 - DEBUG - using background: genome danRer11 with size 200
2025-01-21 18:13:33,052 - DEBUG - Scanning
2025-01-21 18:13:38,583 - INFO - Homer_width_18 finished, found 5 motifs
2025-01-21 18:13:38,583 - INFO - Homer_width_18 finished, found 5 motifs
2025-01-21 18:13:38,589 - DEBUG - Starting stats job of 5 motifs
2025-01-21 18:13:38,589 - DEBUG - stdout <multiprocessing.pool.ApplyResult object at 0x7f92a7b4a080>: Running command:
/hpc/mydata/yang-joon.kim/homer/bin/homer2 denovo -i /hpc/projects/data.science/yangjoon.kim/zebrahub_multiome/data/processed_data/12_peak_umap_motif_analysis/intermediate/prediction.fa -b /hpc/projects/data.science/yangjoon.kim/zebrahub_multiome/data/processed_data/12_peak_umap_motif_analysis/intermediate/prediction.bg.fa -len 18 -S 5  -o /tmp/gimmemotifs.1809900.pb2mnt03/Homer.lgj5n8np/homer_w18._qudj2hj -p 8

2025-01-21 18:13:38,589 - DEBUG - stdout <multiprocessing.pool.ApplyResult object at 0x7f92a7b4a080>: 
	Number of Trial motifs (-T) set to 8 (from 10) to work well with 8 CPUs
	Treating input files as FASTA format
	-blen automatically set to 3
	Scanning input files...
	Parsing sequences...
	|0%                                   50%                                  100%|
	================================================================================
	Total number of Oligos: 5356574
	Autoadjustment for sequence coverage in background: 1.19x

	Oligos: 5356574 of 6266533 max
	Tree  : 17509132 of 31332665 max
	Optimizing memory usage...
	Cache length = 11180
	Using binomial scoring

	Global Optimization Phase: Looking for enriched oligos with up to 2 mismatches...

	Screening oligos 5356574 (allowing 0 mismatches):
	|0%                                   50%                                  100%|
	================================================================================
		88.31% skipped, 11.69% checked (626369 of 5356574), of those checked:
		88.31% not in target, 0.00% increased p-value, 0.00% high p-value

	Screening oligos 5356574 (allowing 1 mismatches):
	|0%                                   50%                                  100%|
	================================================================================
		88.31% skipped, 11.69% checked (626369 of 5356574), of those checked:
		0.00% not in target, 2.07% increased p-value, 1.55% high p-value

	Screening oligos 5356574 (allowing 2 mismatches):
	|0%                                   50%                                  100%|
	================================================================================
		90.69% skipped, 9.31% checked (498493 of 5356574), of those checked:
		0.00% not in target, 3.66% increased p-value, 2.40% high p-value
	Reading input files...
	11000 total sequences read
	Cache length = 11180
	Using binomial scoring

	Local Optimization Phase:
	1 of 5 Initial Sequence: TCATTTGAATCACTCTGA... (-49.815)
		Round 1: -49.82 TCATTTGAATCACTCTGA T:13.6(1.29%),B:0.0(0.00%),P:1e-21
		Round 2: -49.82 TCATTTGAATCACTCTGA T:13.6(1.29%),B:0.0(0.00%),P:1e-21
		=Final=: -8.78 TCATTTGAATCACTCTGA T:3.0(0.30%),B:0.0(0.00%),P:1e-3
		Performing exhaustive masking of motif...
		Reprioritizing potential motifs...
	2 of 5 Initial Sequence: GTGTTATTGGTCTTGGTA... (-25.936)
		Round 1: -30.50 GTGTTATTGGTCTTGGTA T:9.4(0.90%),B:1.0(0.01%),P:1e-13
		Round 2: -30.50 GTGTTATTGGTCTTGGTA T:9.4(0.90%),B:1.0(0.01%),P:1e-13
		=Final=: -5.56 GTGTTATTGGTCTTGGTA T:340.0(34.00%),B:3005.0(30.05%),P:1e-2
		Performing exhaustive masking of motif...
		Reprioritizing potential motifs...
	3 of 5 Initial Sequence: TTAGTCCTCCTGGGTTCC... (-21.509)
		Round 1: -49.82 TKAGTCCTCCTGGGTTCC T:13.0(1.29%),B:2.0(0.02%),P:1e-21
		Round 2: -54.87 TTAGTCCTCCTGGGTTCC T:14.0(1.39%),B:2.0(0.02%),P:1e-23
		Round 3: -54.87 TTAGTCCTCCTGGGTTCC T:14.0(1.39%),B:2.0(0.02%),P:1e-23
		=Final=: -17.07 TTAGTCCTCCTGGGTTCC T:165.0(16.50%),B:1083.0(10.83%),P:1e-7
		Performing exhaustive masking of motif...
		Reprioritizing potential motifs...
	4 of 5 Initial Sequence: AGTATCTAATGAATATGT... (-17.236)
		Round 1: -21.51 AGTATTTAAGGAATGTGT T:7.0(0.70%),B:2.0(0.02%),P:1e-9
		Round 2: -21.51 AGTATTTAAGGAATGTGT T:7.0(0.70%),B:2.0(0.02%),P:1e-9
		=Final=: -6.81 AGTATTTAAGGAATGTGT T:415.0(41.50%),B:3675.0(36.75%),P:1e-2
		Performing exhaustive masking of motif...
		Reprioritizing potential motifs...
	5 of 5 Initial Sequence: TGTTTACCTGGTGATATT... (-13.146)
		Round 1: -30.50 TGTTTACCTGGTRATSTT T:9.2(0.90%),B:1.0(0.01%),P:1e-13
		Round 2: -30.50 TGTTTACCTGGTRATSTT T:9.2(0.90%),B:1.0(0.01%),P:1e-13
		=Final=: -16.39 TGTTTACCTGGTRATSTT T:5.0(0.50%),B:1.0(0.01%),P:1e-7
		Performing exhaustive masking of motif...
		Reprioritizing potential motifs...

	Finalizing Enrichment Statistics (new in v3.4)
	Reading input files...
	11000 total sequences read
	Cache length = 11180
	Using binomial scoring
	Checking enrichment of 5 motif(s)
	|0%                                    50%                                  100%|
	=================================================================================
	Output in file: /tmp/gimmemotifs.1809900.pb2mnt03/Homer.lgj5n8np/homer_w18._qudj2hj

	Cleaning up temporary sequence and group files:
		0375958147.seq
		0375958147.group

2025-01-21 18:13:44,384 - DEBUG - scanning 6398310 sequences...
2025-01-21 18:13:44,442 - DEBUG - using background: genome danRer11 with size 200
2025-01-21 18:13:46,819 - DEBUG - using background: genome danRer11 with size 200
2025-01-21 18:13:47,770 - DEBUG - Scanning
2025-01-21 18:13:49,981 - DEBUG - Determining mean and stddev for motifs.
2025-01-21 18:13:50,342 - DEBUG - Determining mean and stddev for motifs.
2025-01-21 18:13:50,743 - DEBUG - Determining mean and stddev for motifs.
2025-01-21 18:13:51,810 - DEBUG - Determining mean and stddev for motifs.
2025-01-21 18:13:52,498 - DEBUG - Determining mean and stddev for motifs.
2025-01-21 18:13:53,018 - DEBUG - Determining mean and stddev for motifs.
2025-01-21 18:13:53,967 - DEBUG - Determining mean and stddev for motifs.
2025-01-21 18:13:54,697 - DEBUG - Determining mean and stddev for motifs.
2025-01-21 18:13:55,802 - DEBUG - Determining mean and stddev for motifs.
2025-01-21 18:13:57,029 - DEBUG - Determining mean and stddev for motifs.
2025-01-21 18:13:58,057 - DEBUG - Determining mean and stddev for motifs.
2025-01-21 18:13:58,819 - DEBUG - Determining mean and stddev for motifs.
2025-01-21 18:14:00,650 - DEBUG - Determining mean and stddev for motifs.
2025-01-21 18:14:02,008 - DEBUG - Determining mean and stddev for motifs.
2025-01-21 18:14:03,927 - DEBUG - chunk 1.0 of 1
2025-01-21 18:14:03,964 - DEBUG - scanning 639831 sequences...
2025-01-21 18:14:03,977 - DEBUG - using background: genome danRer11 with size 200
2025-01-21 18:14:04,658 - DEBUG - Scanning
2025-01-21 18:14:08,001 - DEBUG - scanning 6398310 sequences...
2025-01-21 18:14:08,013 - DEBUG - using background: genome danRer11 with size 200
2025-01-21 18:14:08,864 - DEBUG - scanning 6398310 sequences...
2025-01-21 18:14:08,876 - DEBUG - using background: genome danRer11 with size 200
2025-01-21 18:14:08,953 - DEBUG - Scanning
2025-01-21 18:14:10,138 - DEBUG - Scanning
2025-01-21 18:14:39,295 - DEBUG - scanning 6398310 sequences...
2025-01-21 18:14:39,310 - DEBUG - using background: genome danRer11 with size 200
2025-01-21 18:14:39,729 - DEBUG - Scanning
2025-01-21 18:14:54,376 - DEBUG - scanning 6398310 sequences...
2025-01-21 18:14:54,393 - DEBUG - using background: genome danRer11 with size 200
2025-01-21 18:14:55,232 - DEBUG - Scanning
2025-01-21 18:15:38,076 - DEBUG - scanning 6398310 sequences...
2025-01-21 18:15:38,089 - DEBUG - using background: genome danRer11 with size 200
2025-01-21 18:15:38,484 - DEBUG - Scanning
2025-01-21 18:16:44,858 - INFO - Homer_width_20 finished, found 5 motifs
2025-01-21 18:16:44,858 - INFO - Homer_width_20 finished, found 5 motifs
2025-01-21 18:16:44,865 - DEBUG - Starting stats job of 5 motifs
2025-01-21 18:16:44,865 - DEBUG - stdout <multiprocessing.pool.ApplyResult object at 0x7f92a7b4b6a0>: Running command:
/hpc/mydata/yang-joon.kim/homer/bin/homer2 denovo -i /hpc/projects/data.science/yangjoon.kim/zebrahub_multiome/data/processed_data/12_peak_umap_motif_analysis/intermediate/prediction.fa -b /hpc/projects/data.science/yangjoon.kim/zebrahub_multiome/data/processed_data/12_peak_umap_motif_analysis/intermediate/prediction.bg.fa -len 20 -S 5  -o /tmp/gimmemotifs.1809900.pb2mnt03/Homer.9g690hvo/homer_w20.3f94b4ns -p 8

2025-01-21 18:16:44,865 - DEBUG - stdout <multiprocessing.pool.ApplyResult object at 0x7f92a7b4b6a0>: 
	Number of Trial motifs (-T) set to 8 (from 10) to work well with 8 CPUs
	Treating input files as FASTA format
	-blen automatically set to 4
	Scanning input files...
	Parsing sequences...
	|0%                                   50%                                  100%|
	================================================================================
	Total number of Oligos: 5452644
	Autoadjustment for sequence coverage in background: 1.19x

	Oligos: 5452644 of 6244533 max
	Tree  : 18748836 of 31222665 max
	Optimizing memory usage...
	Cache length = 11180
	Using binomial scoring

	Global Optimization Phase: Looking for enriched oligos with up to 2 mismatches...

	Screening oligos 5452644 (allowing 0 mismatches):
	|0%                                   50%                                  100%|
	================================================================================
		88.47% skipped, 11.53% checked (628698 of 5452644), of those checked:
		88.47% not in target, 0.00% increased p-value, 0.00% high p-value

	Screening oligos 5452644 (allowing 1 mismatches):
	|0%                                   50%                                  100%|
	================================================================================
		88.47% skipped, 11.53% checked (628698 of 5452644), of those checked:
		0.00% not in target, 1.56% increased p-value, 1.17% high p-value

	Screening oligos 5452644 (allowing 2 mismatches):
	|0%                                   50%                                  100%|
	================================================================================
		90.29% skipped, 9.71% checked (529496 of 5452644), of those checked:
		0.00% not in target, 1.43% increased p-value, 0.88% high p-value
	Reading input files...
	11000 total sequences read
	Cache length = 11180
	Using binomial scoring

	Local Optimization Phase:
	1 of 5 Initial Sequence: GTGTTACTGGAGTGTTATTG... (-25.926)
		Round 1: -30.49 GTGTTACTGGAGTGTTATTG T:9.0(0.90%),B:0.0(0.00%),P:1e-13
		Round 2: -30.49 GTGTTACTGGAGTGTTATTG T:9.0(0.90%),B:0.0(0.00%),P:1e-13
		=Final=: -5.37 GTGTTACTGGAGTGTTATTG T:2.0(0.20%),B:0.0(0.00%),P:1e-2
		Performing exhaustive masking of motif...
		Reprioritizing potential motifs...
	2 of 5 Initial Sequence: ATCACTCTGAGCAGATCATT... (-25.926)
		Round 1: -25.93 ATCACTCTGAGCAGATCATT T:8.3(0.80%),B:1.0(0.01%),P:1e-11
		Round 2: -25.93 ATCACTCTGAGCAGATCATT T:8.3(0.80%),B:1.0(0.01%),P:1e-11
		=Final=: -8.34 ATCACTCTGAGCAGATCATT T:340.0(34.00%),B:2887.0(28.87%),P:1e-3
		Performing exhaustive masking of motif...
		Reprioritizing potential motifs...
	3 of 5 Initial Sequence: TTAGTCCTCCTGGGTTCCCC... (-17.229)
		Round 1: -39.95 TTAGTCTTCCTWGGTTCCCY T:11.0(1.09%),B:2.0(0.02%),P:1e-17
		Round 2: -41.56 TTAGTCYTCCTRGTTCMCCC T:13.0(1.29%),B:3.0(0.03%),P:1e-18
		Round 3: -41.56 TTAGTCYTCCTRGTTCMCCC T:13.0(1.29%),B:3.0(0.03%),P:1e-18
		=Final=: -8.78 TTAGTCYTCCTRGTTCMCCC T:3.0(0.30%),B:1.0(0.01%),P:1e-3
		Performing exhaustive masking of motif...
		Reprioritizing potential motifs...
	4 of 5 Initial Sequence: GTTTACCTGGTAATGTTGGG... (-13.141)
		Round 1: -26.31 GTTTAVCTGGTAATGTTGGG T:21.1(2.08%),B:31.0(0.26%),P:1e-11
		Round 2: -30.49 GTTYWCCTGGTRATGYTGGG T:9.0(0.90%),B:2.0(0.02%),P:1e-13
		Round 3: -30.49 GTTYWCCTGGTRATGYTGGG T:9.0(0.90%),B:2.0(0.02%),P:1e-13
		=Final=: -12.47 GTTYWCCTGGTRATGYTGGG T:4.0(0.40%),B:1.0(0.01%),P:1e-5
		Performing exhaustive masking of motif...
		Reprioritizing potential motifs...
	5 of 5 Initial Sequence: CTAATGAATAAGTACTAGTA... (-13.141)
		Round 1: -27.43 CTAATGAATAAGTACTAGTA T:12.2(1.19%),B:6.0(0.05%),P:1e-11
		Round 2: -44.83 TTAATVAAWAAGTACTAGTA T:12.4(1.19%),B:2.0(0.02%),P:1e-19
		Round 3: -44.83 TTAATVAAWAAGTACTAGTA T:12.4(1.19%),B:2.0(0.02%),P:1e-19
		=Final=: -13.01 TTAATVAAWAAGTACTAGTA T:5.0(0.50%),B:2.0(0.02%),P:1e-5
		Performing exhaustive masking of motif...
		Reprioritizing potential motifs...

	Finalizing Enrichment Statistics (new in v3.4)
	Reading input files...
	11000 total sequences read
	Cache length = 11180
	Using binomial scoring
	Checking enrichment of 5 motif(s)
	|0%                                    50%                                  100%|
	=================================================================================
	Output in file: /tmp/gimmemotifs.1809900.pb2mnt03/Homer.9g690hvo/homer_w20.3f94b4ns

	Cleaning up temporary sequence and group files:
		01343880314.seq
		01343880314.group

2025-01-21 18:16:44,865 - DEBUG - waiting for statistics to finish
2025-01-21 18:16:53,224 - DEBUG - using background: genome danRer11 with size 200
2025-01-21 18:16:53,660 - DEBUG - chunk 1.0 of 1
2025-01-21 18:16:53,691 - DEBUG - scanning 639831 sequences...
2025-01-21 18:16:53,702 - DEBUG - using background: genome danRer11 with size 200
2025-01-21 18:16:54,137 - DEBUG - Scanning
2025-01-21 18:18:17,627 - DEBUG - scanning 6398310 sequences...
2025-01-21 18:18:17,640 - DEBUG - using background: genome danRer11 with size 200
2025-01-21 18:18:18,129 - DEBUG - Scanning
2025-01-21 18:24:42,743 - DEBUG - calculating statistics
2025-01-21 18:25:55,790 - DEBUG - calculating statistics
2025-01-21 18:25:57,448 - DEBUG - calculating statistics
2025-01-21 18:27:16,184 - DEBUG - calculating statistics
2025-01-21 18:27:17,446 - DEBUG - calculating statistics
2025-01-21 18:27:53,065 - DEBUG - calculating statistics
2025-01-21 18:28:36,278 - DEBUG - calculating statistics
2025-01-21 18:28:48,696 - DEBUG - calculating statistics
2025-01-21 18:29:44,463 - DEBUG - calculating statistics
2025-01-21 18:29:46,763 - DEBUG - calculating statistics
2025-01-21 18:31:29,250 - DEBUG - calculating statistics
2025-01-21 18:31:34,585 - DEBUG - calculating statistics
