================================================================================
VISUALIZING LINEAGE DYNAMICS
================================================================================

Loaded 49 clusters with lineage dynamics
Loaded 189 GRN combinations
Loaded 346 cluster matrices

================================================================================
GENERATING VISUALIZATIONS FOR TOP 10 CANDIDATES...
================================================================================

1. Generating visualization for cluster 3_2 - hindbrain
   Lineage bias: 0.261 (neural-biased)
   Score: 0.710
   Peak timepoint: 20
   Saved PNG: /hpc/projects/data.science/yangjoon.kim/zebrahub_multiome/zebrahub-multiome-analysis/figures/sub_GRNs_reg_programs/subGRN_lineage_1_3_2_hindbrain.png
   Saved PDF: /hpc/projects/data.science/yangjoon.kim/zebrahub_multiome/zebrahub-multiome-analysis/figures/sub_GRNs_reg_programs/subGRN_lineage_1_3_2_hindbrain.pdf

2. Generating visualization for cluster 3_8 - neural_telencephalon
   Lineage bias: 0.242 (neural-biased)
   Score: 0.703
   Peak timepoint: 20
   Saved PNG: /hpc/projects/data.science/yangjoon.kim/zebrahub_multiome/zebrahub-multiome-analysis/figures/sub_GRNs_reg_programs/subGRN_lineage_2_3_8_neural_telencephalon.png
   Saved PDF: /hpc/projects/data.science/yangjoon.kim/zebrahub_multiome/zebrahub-multiome-analysis/figures/sub_GRNs_reg_programs/subGRN_lineage_2_3_8_neural_telencephalon.pdf

3. Generating visualization for cluster 2_2 - enteric_neurons
   Lineage bias: 0.327 (neural-biased)
   Score: 0.702
   Peak timepoint: 10
   Saved PNG: /hpc/projects/data.science/yangjoon.kim/zebrahub_multiome/zebrahub-multiome-analysis/figures/sub_GRNs_reg_programs/subGRN_lineage_3_2_2_enteric_neurons.png
   Saved PDF: /hpc/projects/data.science/yangjoon.kim/zebrahub_multiome/zebrahub-multiome-analysis/figures/sub_GRNs_reg_programs/subGRN_lineage_3_2_2_enteric_neurons.pdf

4. Generating visualization for cluster 22_16 - muscle
   Lineage bias: -0.214 (mesoderm-biased)
   Score: 0.694
   Peak timepoint: 10
   Saved PNG: /hpc/projects/data.science/yangjoon.kim/zebrahub_multiome/zebrahub-multiome-analysis/figures/sub_GRNs_reg_programs/subGRN_lineage_4_22_16_muscle.png
   Saved PDF: /hpc/projects/data.science/yangjoon.kim/zebrahub_multiome/zebrahub-multiome-analysis/figures/sub_GRNs_reg_programs/subGRN_lineage_4_22_16_muscle.pdf

5. Generating visualization for cluster 17_7 - tail_bud
   Lineage bias: -0.178 (mesoderm-biased)
   Score: 0.681
   Peak timepoint: 05
   Saved PNG: /hpc/projects/data.science/yangjoon.kim/zebrahub_multiome/zebrahub-multiome-analysis/figures/sub_GRNs_reg_programs/subGRN_lineage_5_17_7_tail_bud.png
   Saved PDF: /hpc/projects/data.science/yangjoon.kim/zebrahub_multiome/zebrahub-multiome-analysis/figures/sub_GRNs_reg_programs/subGRN_lineage_5_17_7_tail_bud.pdf

6. Generating visualization for cluster 3_9 - neural_floor_plate
   Lineage bias: 0.266 (neural-biased)
   Score: 0.681
   Peak timepoint: 10
   Saved PNG: /hpc/projects/data.science/yangjoon.kim/zebrahub_multiome/zebrahub-multiome-analysis/figures/sub_GRNs_reg_programs/subGRN_lineage_6_3_9_neural_floor_plate.png
   Saved PDF: /hpc/projects/data.science/yangjoon.kim/zebrahub_multiome/zebrahub-multiome-analysis/figures/sub_GRNs_reg_programs/subGRN_lineage_6_3_9_neural_floor_plate.pdf

7. Generating visualization for cluster 26_10 - neural_floor_plate
   Lineage bias: 0.164 (neural-biased)
   Score: 0.666
   Peak timepoint: 00
   Saved PNG: /hpc/projects/data.science/yangjoon.kim/zebrahub_multiome/zebrahub-multiome-analysis/figures/sub_GRNs_reg_programs/subGRN_lineage_7_26_10_neural_floor_plate.png
   Saved PDF: /hpc/projects/data.science/yangjoon.kim/zebrahub_multiome/zebrahub-multiome-analysis/figures/sub_GRNs_reg_programs/subGRN_lineage_7_26_10_neural_floor_plate.pdf

8. Generating visualization for cluster 3_7 - optic_cup
   Lineage bias: 0.104 (neural-biased)
   Score: 0.655
   Peak timepoint: 20
   Saved PNG: /hpc/projects/data.science/yangjoon.kim/zebrahub_multiome/zebrahub-multiome-analysis/figures/sub_GRNs_reg_programs/subGRN_lineage_8_3_7_optic_cup.png
   Saved PDF: /hpc/projects/data.science/yangjoon.kim/zebrahub_multiome/zebrahub-multiome-analysis/figures/sub_GRNs_reg_programs/subGRN_lineage_8_3_7_optic_cup.pdf

9. Generating visualization for cluster 10_6 - muscle
   Lineage bias: -0.242 (mesoderm-biased)
   Score: 0.644
   Peak timepoint: 15
   Saved PNG: /hpc/projects/data.science/yangjoon.kim/zebrahub_multiome/zebrahub-multiome-analysis/figures/sub_GRNs_reg_programs/subGRN_lineage_9_10_6_muscle.png
   Saved PDF: /hpc/projects/data.science/yangjoon.kim/zebrahub_multiome/zebrahub-multiome-analysis/figures/sub_GRNs_reg_programs/subGRN_lineage_9_10_6_muscle.pdf

10. Generating visualization for cluster 14_1 - heart_myocardium
   Lineage bias: 0.028 (neural-biased)
   Score: 0.629
   Peak timepoint: 10
   Saved PNG: /hpc/projects/data.science/yangjoon.kim/zebrahub_multiome/zebrahub-multiome-analysis/figures/sub_GRNs_reg_programs/subGRN_lineage_10_14_1_heart_myocardium.png
   Saved PDF: /hpc/projects/data.science/yangjoon.kim/zebrahub_multiome/zebrahub-multiome-analysis/figures/sub_GRNs_reg_programs/subGRN_lineage_10_14_1_heart_myocardium.pdf

================================================================================
VISUALIZATION COMPLETE
================================================================================
