Building DAG of jobs...
Using shell: /usr/bin/bash
Provided cores: 16
Rules claiming more threads will be scaled down.
Job stats:
job                         count
------------------------  -------
preprocess_multiome_data        1
total                           1

Select jobs to execute...

[Mon Oct  9 17:54:36 2023]
rule preprocess_multiome_data:
    input: /hpc/projects/data.science/yangjoon.kim/zebrahub_multiome/data/processed_data/TDR124/outs, /hpc/reference/sequencing_alignment/alignment_references/zebrafish_genome_GRCz11/genes/genes.gtf.gz
    output: /hpc/projects/data.science/yangjoon.kim/zebrahub_multiome/data/processed_data/TDR124_cicero_output/TDR124_processed.RDS, /hpc/projects/data.science/yangjoon.kim/zebrahub_multiome/data/processed_data/TDR124_cicero_output/TDR124_RNA.h5ad, /hpc/projects/data.science/yangjoon.kim/zebrahub_multiome/data/processed_data/TDR124_cicero_output/TDR124_ATAC.h5ad
    jobid: 0
    reason: Missing output files: /hpc/projects/data.science/yangjoon.kim/zebrahub_multiome/data/processed_data/TDR124_cicero_output/TDR124_processed.RDS
    wildcards: output_filepath=/hpc/projects/data.science/yangjoon.kim/zebrahub_multiome/data/processed_data/TDR124_cicero_output, data_id=TDR124
    resources: tmpdir=/tmp


        Rscript /hpc/projects/data.science/yangjoon.kim/zebrahub_multiome/zebrahub-multiome-analysis/scripts/run_01_preprocess_multiome_object_signac.R /hpc/projects/data.science/yangjoon.kim/zebrahub_multiome/data/processed_data/TDR124/outs /hpc/reference/sequencing_alignment/alignment_references/zebrafish_genome_GRCz11/genes/genes.gtf.gz /hpc/projects/data.science/yangjoon.kim/zebrahub_multiome/data/annotated_data/ZF_atlas_v01/ZF_atlas_v01_30somite.h5Seurat global_annotation /hpc/projects/data.science/yangjoon.kim/zebrahub_multiome/data/processed_data/TDR124_cicero_output/TDR124_processed.RDS TDR124
        
[Mon Oct  9 17:54:55 2023]
Error in rule preprocess_multiome_data:
    jobid: 0
    input: /hpc/projects/data.science/yangjoon.kim/zebrahub_multiome/data/processed_data/TDR124/outs, /hpc/reference/sequencing_alignment/alignment_references/zebrafish_genome_GRCz11/genes/genes.gtf.gz
    output: /hpc/projects/data.science/yangjoon.kim/zebrahub_multiome/data/processed_data/TDR124_cicero_output/TDR124_processed.RDS, /hpc/projects/data.science/yangjoon.kim/zebrahub_multiome/data/processed_data/TDR124_cicero_output/TDR124_RNA.h5ad, /hpc/projects/data.science/yangjoon.kim/zebrahub_multiome/data/processed_data/TDR124_cicero_output/TDR124_ATAC.h5ad
    shell:
        
        Rscript /hpc/projects/data.science/yangjoon.kim/zebrahub_multiome/zebrahub-multiome-analysis/scripts/run_01_preprocess_multiome_object_signac.R /hpc/projects/data.science/yangjoon.kim/zebrahub_multiome/data/processed_data/TDR124/outs /hpc/reference/sequencing_alignment/alignment_references/zebrafish_genome_GRCz11/genes/genes.gtf.gz /hpc/projects/data.science/yangjoon.kim/zebrahub_multiome/data/annotated_data/ZF_atlas_v01/ZF_atlas_v01_30somite.h5Seurat global_annotation /hpc/projects/data.science/yangjoon.kim/zebrahub_multiome/data/processed_data/TDR124_cicero_output/TDR124_processed.RDS TDR124
        
        (one of the commands exited with non-zero exit code; note that snakemake uses bash strict mode!)

Shutting down, this might take some time.
Exiting because a job execution failed. Look above for error message
Complete log: .snakemake/log/2023-10-09T175436.174544.snakemake.log
