================================================================================
ANALYZING TF AND TARGET GENE DIVERGENCE ACROSS LINEAGES
================================================================================

Loaded 49 clusters with lineage dynamics
Loaded 189 GRN combinations

================================================================================
ANALYZING GENE DIVERGENCE...
================================================================================

Analyzed 49 clusters for gene divergence

================================================================================
TOP 10 CLUSTERS WITH PROGRESSIVE GENE DIVERGENCE:
================================================================================

1. Cluster 2_2 - enteric_neurons
   Peak timepoint: 10 somites
   Lineage bias: 0.327
   Combined progressive score: 1.628
   TF progressive score: 0.828
   Target progressive score: 0.800
   TF divergence: 0.651
   Target divergence: 0.523
   Neural-specific TFs: 17
   Mesoderm-specific TFs: 7
   Neural-specific targets: 2
   Mesoderm-specific targets: 1
   Neural TFs: ['emx2', 'hoxa4a', 'hoxb1b', 'hoxb3a', 'mafa']...
   Mesoderm TFs: ['mafbb', 'meox1', 'pax3b', 'raraa', 'rorab']...

2. Cluster 3_5 - optic_cup
   Peak timepoint: 10 somites
   Lineage bias: 0.074
   Combined progressive score: 1.596
   TF progressive score: 0.846
   Target progressive score: 0.750
   TF divergence: 0.512
   Target divergence: 0.441
   Neural-specific TFs: 6
   Mesoderm-specific TFs: 8
   Neural-specific targets: 1
   Mesoderm-specific targets: 3
   Neural TFs: ['egr2a', 'egr2b', 'nkx1.2la', 'nr1d4a', 'pnx']...
   Mesoderm TFs: ['barhl1a', 'hoxa4a', 'hoxc1a', 'lbx2', 'mnx2b']...

3. Cluster 33_7 - neural_crest
   Peak timepoint: 10 somites
   Lineage bias: 0.284
   Combined progressive score: 1.510
   TF progressive score: 0.810
   Target progressive score: 0.700
   TF divergence: 0.610
   Target divergence: 0.626
   Neural-specific TFs: 5
   Mesoderm-specific TFs: 3
   Neural-specific targets: 5
   Mesoderm-specific targets: 1
   Neural TFs: ['nr5a2', 'pax6b', 'rorab', 'sox19b', 'sox3']...
   Mesoderm TFs: ['nr1d4a', 'sox5', 'tead1b']...

4. Cluster 14_1 - heart_myocardium
   Peak timepoint: 10 somites
   Lineage bias: 0.028
   Combined progressive score: 1.428
   TF progressive score: 0.812
   Target progressive score: 0.615
   TF divergence: 0.560
   Target divergence: 0.455
   Neural-specific TFs: 5
   Mesoderm-specific TFs: 5
   Neural-specific targets: 1
   Mesoderm-specific targets: 6
   Neural TFs: ['esrrga', 'gata3', 'nr4a2b', 'nr5a2', 'rorab']...
   Mesoderm TFs: ['gata6', 'hnf4a', 'nr1d4a', 'rorb', 'tcf7l2']...

5. Cluster 22_16 - muscle
   Peak timepoint: 10 somites
   Lineage bias: -0.214
   Combined progressive score: 1.375
   TF progressive score: 0.500
   Target progressive score: 0.875
   TF divergence: 0.563
   Target divergence: 0.546
   Neural-specific TFs: 2
   Mesoderm-specific TFs: 10
   Neural-specific targets: 2
   Mesoderm-specific targets: 4
   Neural TFs: ['sox11a', 'sox11b']...
   Mesoderm TFs: ['nr2f1b', 'rorb', 'six1a', 'sox13', 'sox18']...

6. Cluster 17_8 - lateral_plate_mesoderm
   Peak timepoint: 15 somites
   Lineage bias: 0.101
   Combined progressive score: 1.325
   TF progressive score: 0.611
   Target progressive score: 0.714
   TF divergence: 0.505
   Target divergence: 0.416
   Neural-specific TFs: 2
   Mesoderm-specific TFs: 3
   Neural-specific targets: 0
   Mesoderm-specific targets: 1
   Neural TFs: ['egr2a', 'rorab']...
   Mesoderm TFs: ['esr2a', 'gata2a', 'lef1']...

7. Cluster 13_12 - neural_optic
   Peak timepoint: 10 somites
   Lineage bias: 0.228
   Combined progressive score: 1.314
   TF progressive score: 0.647
   Target progressive score: 0.667
   TF divergence: 0.542
   Target divergence: 0.438
   Neural-specific TFs: 3
   Mesoderm-specific TFs: 1
   Neural-specific targets: 4
   Mesoderm-specific targets: 0
   Neural TFs: ['foxd1', 'foxg1a', 'sox9b']...
   Mesoderm TFs: ['sox7']...

8. Cluster 3_9 - neural_floor_plate
   Peak timepoint: 10 somites
   Lineage bias: 0.266
   Combined progressive score: 1.311
   TF progressive score: 0.583
   Target progressive score: 0.727
   TF divergence: 0.554
   Target divergence: 0.422
   Neural-specific TFs: 7
   Mesoderm-specific TFs: 4
   Neural-specific targets: 3
   Mesoderm-specific targets: 0
   Neural TFs: ['en2a', 'en2b', 'hoxc1a', 'nr1d4a', 'otpb']...
   Mesoderm TFs: ['raraa', 'rorab', 'rorb', 'sox7']...

9. Cluster 21_3 - PSM
   Peak timepoint: 00 somites
   Lineage bias: -0.051
   Combined progressive score: 1.254
   TF progressive score: 0.607
   Target progressive score: 0.647
   TF divergence: 0.327
   Target divergence: 0.413
   Neural-specific TFs: 0
   Mesoderm-specific TFs: 11
   Neural-specific targets: 1
   Mesoderm-specific targets: 8
   Mesoderm TFs: ['barhl1a', 'barx1', 'bsx', 'emx3', 'gbx1']...

10. Cluster 25_3 - hematopoietic_vasculature
   Peak timepoint: 20 somites
   Lineage bias: -0.223
   Combined progressive score: 1.229
   TF progressive score: 0.562
   Target progressive score: 0.667
   TF divergence: 0.560
   Target divergence: 0.502
   Neural-specific TFs: 1
   Mesoderm-specific TFs: 9
   Neural-specific targets: 2
   Mesoderm-specific targets: 7
   Neural TFs: ['foxg1a']...
   Mesoderm TFs: ['egr1', 'elk3', 'etv1', 'fli1a', 'foxi2']...

================================================================================
Results saved to: /hpc/projects/data.science/yangjoon.kim/zebrahub_multiome/zebrahub-multiome-analysis/figures/sub_GRNs_reg_programs/lineage_gene_divergence_ranking.csv
================================================================================
