================================================================================
VISUALIZING GENE DIVERGENCE CANDIDATES
================================================================================

Loaded 49 clusters with gene divergence analysis
Loaded 189 GRN combinations
Loaded 346 cluster matrices
================================================================================
VISUALIZING LINEAGE DYNAMICS
================================================================================

Loaded 49 clusters with lineage dynamics
Loaded 189 GRN combinations
Loaded 346 cluster matrices

================================================================================
GENERATING VISUALIZATIONS FOR TOP 10 CANDIDATES...
================================================================================

1. Generating visualization for cluster 3_2 - hindbrain
   Lineage bias: 0.261 (neural-biased)
   Score: 0.710
   Peak timepoint: 20 somites
  Computing unified coordinate system across all 8 subGRNs...
  Master graph: 25 nodes (13 TF-only, 10 target-only, 2 dual)
   Saved PNG: /hpc/projects/data.science/yangjoon.kim/zebrahub_multiome/zebrahub-multiome-analysis/figures/sub_GRNs_reg_programs/subGRN_lineage_1_3_2_hindbrain_tp20.png
   Saved PDF: /hpc/projects/data.science/yangjoon.kim/zebrahub_multiome/zebrahub-multiome-analysis/figures/sub_GRNs_reg_programs/subGRN_lineage_1_3_2_hindbrain_tp20.pdf

2. Generating visualization for cluster 3_8 - neural_telencephalon
   Lineage bias: 0.242 (neural-biased)
   Score: 0.703
   Peak timepoint: 20 somites
  Computing unified coordinate system across all 8 subGRNs...
  Master graph: 46 nodes (36 TF-only, 9 target-only, 1 dual)
   Saved PNG: /hpc/projects/data.science/yangjoon.kim/zebrahub_multiome/zebrahub-multiome-analysis/figures/sub_GRNs_reg_programs/subGRN_lineage_2_3_8_neural_telencephalon_tp20.png
   Saved PDF: /hpc/projects/data.science/yangjoon.kim/zebrahub_multiome/zebrahub-multiome-analysis/figures/sub_GRNs_reg_programs/subGRN_lineage_2_3_8_neural_telencephalon_tp20.pdf

3. Generating visualization for cluster 2_2 - enteric_neurons
   Lineage bias: 0.327 (neural-biased)
   Score: 0.702
   Peak timepoint: 10 somites
  Computing unified coordinate system across all 8 subGRNs...
  Master graph: 47 nodes (40 TF-only, 6 target-only, 1 dual)
   Saved PNG: /hpc/projects/data.science/yangjoon.kim/zebrahub_multiome/zebrahub-multiome-analysis/figures/sub_GRNs_reg_programs/subGRN_lineage_3_2_2_enteric_neurons_tp10.png
   Saved PDF: /hpc/projects/data.science/yangjoon.kim/zebrahub_multiome/zebrahub-multiome-analysis/figures/sub_GRNs_reg_programs/subGRN_lineage_3_2_2_enteric_neurons_tp10.pdf

4. Generating visualization for cluster 22_16 - muscle
   Lineage bias: -0.214 (mesoderm-biased)
   Score: 0.694
   Peak timepoint: 10 somites
  Computing unified coordinate system across all 8 subGRNs...
  Master graph: 37 nodes (23 TF-only, 13 target-only, 1 dual)
   Saved PNG: /hpc/projects/data.science/yangjoon.kim/zebrahub_multiome/zebrahub-multiome-analysis/figures/sub_GRNs_reg_programs/subGRN_lineage_4_22_16_muscle_tp10.png
   Saved PDF: /hpc/projects/data.science/yangjoon.kim/zebrahub_multiome/zebrahub-multiome-analysis/figures/sub_GRNs_reg_programs/subGRN_lineage_4_22_16_muscle_tp10.pdf

5. Generating visualization for cluster 17_7 - tail_bud
   Lineage bias: -0.178 (mesoderm-biased)
   Score: 0.681
   Peak timepoint: 05 somites
  Computing unified coordinate system across all 8 subGRNs...
  Master graph: 41 nodes (28 TF-only, 13 target-only, 0 dual)
   Saved PNG: /hpc/projects/data.science/yangjoon.kim/zebrahub_multiome/zebrahub-multiome-analysis/figures/sub_GRNs_reg_programs/subGRN_lineage_5_17_7_tail_bud_tp05.png
   Saved PDF: /hpc/projects/data.science/yangjoon.kim/zebrahub_multiome/zebrahub-multiome-analysis/figures/sub_GRNs_reg_programs/subGRN_lineage_5_17_7_tail_bud_tp05.pdf

6. Generating visualization for cluster 3_9 - neural_floor_plate
   Lineage bias: 0.266 (neural-biased)
   Score: 0.681
   Peak timepoint: 10 somites
  Computing unified coordinate system across all 8 subGRNs...
  Master graph: 42 nodes (31 TF-only, 11 target-only, 0 dual)
   Saved PNG: /hpc/projects/data.science/yangjoon.kim/zebrahub_multiome/zebrahub-multiome-analysis/figures/sub_GRNs_reg_programs/subGRN_lineage_6_3_9_neural_floor_plate_tp10.png
   Saved PDF: /hpc/projects/data.science/yangjoon.kim/zebrahub_multiome/zebrahub-multiome-analysis/figures/sub_GRNs_reg_programs/subGRN_lineage_6_3_9_neural_floor_plate_tp10.pdf

7. Generating visualization for cluster 26_10 - neural_floor_plate
   Lineage bias: 0.164 (neural-biased)
   Score: 0.666
   Peak timepoint: 00 somites
  Computing unified coordinate system across all 7 subGRNs...
  Master graph: 37 nodes (21 TF-only, 15 target-only, 1 dual)
   Saved PNG: /hpc/projects/data.science/yangjoon.kim/zebrahub_multiome/zebrahub-multiome-analysis/figures/sub_GRNs_reg_programs/subGRN_lineage_7_26_10_neural_floor_plate_tp00.png
   Saved PDF: /hpc/projects/data.science/yangjoon.kim/zebrahub_multiome/zebrahub-multiome-analysis/figures/sub_GRNs_reg_programs/subGRN_lineage_7_26_10_neural_floor_plate_tp00.pdf

8. Generating visualization for cluster 3_7 - optic_cup
   Lineage bias: 0.104 (neural-biased)
   Score: 0.655
   Peak timepoint: 20 somites
  Computing unified coordinate system across all 8 subGRNs...
  Master graph: 34 nodes (20 TF-only, 12 target-only, 2 dual)
   Saved PNG: /hpc/projects/data.science/yangjoon.kim/zebrahub_multiome/zebrahub-multiome-analysis/figures/sub_GRNs_reg_programs/subGRN_lineage_8_3_7_optic_cup_tp20.png
   Saved PDF: /hpc/projects/data.science/yangjoon.kim/zebrahub_multiome/zebrahub-multiome-analysis/figures/sub_GRNs_reg_programs/subGRN_lineage_8_3_7_optic_cup_tp20.pdf

9. Generating visualization for cluster 10_6 - muscle
   Lineage bias: -0.242 (mesoderm-biased)
   Score: 0.644
   Peak timepoint: 15 somites
  Computing unified coordinate system across all 8 subGRNs...
  Master graph: 42 nodes (23 TF-only, 19 target-only, 0 dual)
   Saved PNG: /hpc/projects/data.science/yangjoon.kim/zebrahub_multiome/zebrahub-multiome-analysis/figures/sub_GRNs_reg_programs/subGRN_lineage_9_10_6_muscle_tp15.png
   Saved PDF: /hpc/projects/data.science/yangjoon.kim/zebrahub_multiome/zebrahub-multiome-analysis/figures/sub_GRNs_reg_programs/subGRN_lineage_9_10_6_muscle_tp15.pdf

10. Generating visualization for cluster 14_1 - heart_myocardium
   Lineage bias: 0.028 (neural-biased)
   Score: 0.629
   Peak timepoint: 10 somites
  Computing unified coordinate system across all 8 subGRNs...
  Master graph: 37 nodes (20 TF-only, 15 target-only, 2 dual)
   Saved PNG: /hpc/projects/data.science/yangjoon.kim/zebrahub_multiome/zebrahub-multiome-analysis/figures/sub_GRNs_reg_programs/subGRN_lineage_10_14_1_heart_myocardium_tp10.png
   Saved PDF: /hpc/projects/data.science/yangjoon.kim/zebrahub_multiome/zebrahub-multiome-analysis/figures/sub_GRNs_reg_programs/subGRN_lineage_10_14_1_heart_myocardium_tp10.pdf

================================================================================
VISUALIZATION COMPLETE
================================================================================

================================================================================
GENERATING VISUALIZATIONS FOR TOP 10 GENE DIVERGENCE CANDIDATES...
================================================================================

1. Generating visualization for cluster 2_2 - enteric_neurons
   Peak timepoint: 10 somites
   Lineage bias: 0.327 (neural-biased)
   Progressive score: 1.628 (TF:0.828, Target:0.800)
   Neural-specific TFs: 17, Mesoderm-specific: 7
   Neural-specific targets: 2, Mesoderm-specific: 1
   Skipped (insufficient data)

2. Generating visualization for cluster 3_5 - optic_cup
   Peak timepoint: 10 somites
   Lineage bias: 0.074 (neural-biased)
   Progressive score: 1.596 (TF:0.846, Target:0.750)
   Neural-specific TFs: 6, Mesoderm-specific: 8
   Neural-specific targets: 1, Mesoderm-specific: 3
   Skipped (insufficient data)

3. Generating visualization for cluster 33_7 - neural_crest
   Peak timepoint: 10 somites
   Lineage bias: 0.284 (neural-biased)
   Progressive score: 1.510 (TF:0.810, Target:0.700)
   Neural-specific TFs: 5, Mesoderm-specific: 3
   Neural-specific targets: 5, Mesoderm-specific: 1
   Skipped (insufficient data)

4. Generating visualization for cluster 14_1 - heart_myocardium
   Peak timepoint: 10 somites
   Lineage bias: 0.028 (neural-biased)
   Progressive score: 1.428 (TF:0.812, Target:0.615)
   Neural-specific TFs: 5, Mesoderm-specific: 5
   Neural-specific targets: 1, Mesoderm-specific: 6
   Skipped (insufficient data)

5. Generating visualization for cluster 22_16 - muscle
   Peak timepoint: 10 somites
   Lineage bias: -0.214 (mesoderm-biased)
   Progressive score: 1.375 (TF:0.500, Target:0.875)
   Neural-specific TFs: 2, Mesoderm-specific: 10
   Neural-specific targets: 2, Mesoderm-specific: 4
   Skipped (insufficient data)

6. Generating visualization for cluster 17_8 - lateral_plate_mesoderm
   Peak timepoint: 15 somites
   Lineage bias: 0.101 (neural-biased)
   Progressive score: 1.325 (TF:0.611, Target:0.714)
   Neural-specific TFs: 2, Mesoderm-specific: 3
   Neural-specific targets: 0, Mesoderm-specific: 1
   Skipped (insufficient data)

7. Generating visualization for cluster 13_12 - neural_optic
   Peak timepoint: 10 somites
   Lineage bias: 0.228 (neural-biased)
   Progressive score: 1.314 (TF:0.647, Target:0.667)
   Neural-specific TFs: 3, Mesoderm-specific: 1
   Neural-specific targets: 4, Mesoderm-specific: 0
   Skipped (insufficient data)

8. Generating visualization for cluster 3_9 - neural_floor_plate
   Peak timepoint: 10 somites
   Lineage bias: 0.266 (neural-biased)
   Progressive score: 1.311 (TF:0.583, Target:0.727)
   Neural-specific TFs: 7, Mesoderm-specific: 4
   Neural-specific targets: 3, Mesoderm-specific: 0
   Skipped (insufficient data)

9. Generating visualization for cluster 21_3 - PSM
   Peak timepoint: 0 somites
   Lineage bias: -0.051 (mesoderm-biased)
   Progressive score: 1.254 (TF:0.607, Target:0.647)
   Neural-specific TFs: 0, Mesoderm-specific: 11
   Neural-specific targets: 1, Mesoderm-specific: 8
   Skipped (insufficient data)

10. Generating visualization for cluster 25_3 - hematopoietic_vasculature
   Peak timepoint: 20 somites
   Lineage bias: -0.223 (mesoderm-biased)
   Progressive score: 1.229 (TF:0.562, Target:0.667)
   Neural-specific TFs: 1, Mesoderm-specific: 9
   Neural-specific targets: 2, Mesoderm-specific: 7
   Skipped (insufficient data)

================================================================================
VISUALIZATION COMPLETE
================================================================================
