Building DAG of jobs...
Using shell: /usr/bin/bash
Provided cores: 24
Rules claiming more threads will be scaled down.
Job stats:
job                       count
----------------------  -------
basic_QC                      1
compute_embeddings            1
compute_gene_activity         1
export_seurat_assays          1
generate_seurat_object        1
merge_peaks                   1
peak_calling                  1
transfer_annotation           1
total                         8

Select jobs to execute...

[Sun Nov 26 22:37:46 2023]
rule generate_seurat_object:
    input: /hpc/projects/data.science/yangjoon.kim/zebrahub_multiome/data/processed_data/TDR118/outs, /hpc/reference/sequencing_alignment/alignment_references/zebrafish_genome_GRCz11/genes/genes.gtf.gz
    output: /hpc/projects/data.science/yangjoon.kim/zebrahub_multiome/data/processed_data/TDR118_merged_peaks/TDR118_raw.RDS
    jobid: 7
    reason: Missing output files: /hpc/projects/data.science/yangjoon.kim/zebrahub_multiome/data/processed_data/TDR118_merged_peaks/TDR118_raw.RDS
    wildcards: output_filepath=/hpc/projects/data.science/yangjoon.kim/zebrahub_multiome/data/processed_data/TDR118_merged_peaks, data_id=TDR118
    resources: tmpdir=/tmp

[Sun Nov 26 22:37:46 2023]
Error in rule generate_seurat_object:
    jobid: 7
    input: /hpc/projects/data.science/yangjoon.kim/zebrahub_multiome/data/processed_data/TDR118/outs, /hpc/reference/sequencing_alignment/alignment_references/zebrafish_genome_GRCz11/genes/genes.gtf.gz
    output: /hpc/projects/data.science/yangjoon.kim/zebrahub_multiome/data/processed_data/TDR118_merged_peaks/TDR118_raw.RDS
    shell:
        
        Rscript /hpc/projects/data.science/yangjoon.kim/zebrahub_multiome/zebrahub-multiome-analysis/scripts/run_01_preprocess_multiome_object_signac.R --step generate_seurat_object /hpc/projects/data.science/yangjoon.kim/zebrahub_multiome/data/processed_data/TDR118/outs /hpc/reference/sequencing_alignment/alignment_references/zebrafish_genome_GRCz11/genes/genes.gtf.gz /hpc/projects/data.science/yangjoon.kim/zebrahub_multiome/data/processed_data/TDR118_merged_peaks/TDR118_raw.RDS TDR118
        
        (one of the commands exited with non-zero exit code; note that snakemake uses bash strict mode!)

Shutting down, this might take some time.
Exiting because a job execution failed. Look above for error message
Complete log: .snakemake/log/2023-11-26T223746.099294.snakemake.log
