Building DAG of jobs...
Using shell: /usr/bin/bash
Provided cores: 50
Rules claiming more threads will be scaled down.
Job stats:
job                         count
------------------------  -------
preprocess_multiome_data        1
total                           1

Select jobs to execute...

[Sun Jan 21 19:50:14 2024]
rule preprocess_multiome_data:
    input: /hpc/projects/data.science/yangjoon.kim/zebrahub_multiome/data/processed_data/TDR124reseq/outs, /hpc/reference/sequencing_alignment/alignment_references/zebrafish_genome_GRCz11/genes/genes.gtf.gz, /hpc/projects/data.science/yangjoon.kim/zebrahub_multiome/data/annotated_data/ZF_atlas_v01/ZF_atlas_v01_30somite.h5Seurat
    output: /hpc/projects/data.science/yangjoon.kim/zebrahub_multiome/data/processed_data/post_Signac_CellOracle/TDR124reseq/TDR124_processed.RDS, /hpc/projects/data.science/yangjoon.kim/zebrahub_multiome/data/processed_data/post_Signac_CellOracle/TDR124reseq/TDR124_RNA.h5ad, /hpc/projects/data.science/yangjoon.kim/zebrahub_multiome/data/processed_data/post_Signac_CellOracle/TDR124reseq/TDR124_ATAC.h5ad
    jobid: 0
    reason: Missing output files: /hpc/projects/data.science/yangjoon.kim/zebrahub_multiome/data/processed_data/post_Signac_CellOracle/TDR124reseq/TDR124_processed.RDS
    wildcards: output_filepath=/hpc/projects/data.science/yangjoon.kim/zebrahub_multiome/data/processed_data/post_Signac_CellOracle/TDR124reseq, data_id=TDR124
    resources: tmpdir=/tmp

[Sun Jan 21 23:11:01 2024]
Error in rule preprocess_multiome_data:
    jobid: 0
    input: /hpc/projects/data.science/yangjoon.kim/zebrahub_multiome/data/processed_data/TDR124reseq/outs, /hpc/reference/sequencing_alignment/alignment_references/zebrafish_genome_GRCz11/genes/genes.gtf.gz, /hpc/projects/data.science/yangjoon.kim/zebrahub_multiome/data/annotated_data/ZF_atlas_v01/ZF_atlas_v01_30somite.h5Seurat
    output: /hpc/projects/data.science/yangjoon.kim/zebrahub_multiome/data/processed_data/post_Signac_CellOracle/TDR124reseq/TDR124_processed.RDS, /hpc/projects/data.science/yangjoon.kim/zebrahub_multiome/data/processed_data/post_Signac_CellOracle/TDR124reseq/TDR124_RNA.h5ad, /hpc/projects/data.science/yangjoon.kim/zebrahub_multiome/data/processed_data/post_Signac_CellOracle/TDR124reseq/TDR124_ATAC.h5ad
    shell:
        
        Rscript /hpc/projects/data.science/yangjoon.kim/zebrahub_multiome/zebrahub-multiome-analysis/scripts/run_01_preprocess_multiome_object_signac.R /hpc/projects/data.science/yangjoon.kim/zebrahub_multiome/data/processed_data/TDR124reseq/outs /hpc/reference/sequencing_alignment/alignment_references/zebrafish_genome_GRCz11/genes/genes.gtf.gz /hpc/projects/data.science/yangjoon.kim/zebrahub_multiome/data/annotated_data/ZF_atlas_v01/ZF_atlas_v01_30somite.h5Seurat global_annotation /hpc/projects/data.science/yangjoon.kim/zebrahub_multiome/data/processed_data/post_Signac_CellOracle/TDR124reseq/TDR124_processed.RDS TDR124
        
        (one of the commands exited with non-zero exit code; note that snakemake uses bash strict mode!)

Shutting down, this might take some time.
Exiting because a job execution failed. Look above for error message
Complete log: .snakemake/log/2024-01-21T195013.588959.snakemake.log
